C:/ITKiosk\App.config
C:/ITKiosk\Data.dll
C:/ITKiosk\DataLib.dll
C:/ITKiosk\DataLib.dll.config
C:/ITKiosk\DataLib.pdb
C:/ITKiosk\DataLib.xml
C:/ITKiosk\Db.dll
C:/ITKiosk\DESConsole.exe
C:/ITKiosk\DESConsole.exe.config
C:/ITKiosk\Device.map
C:/ITKiosk\EntityFramework.dll
C:/ITKiosk\EntityFramework.SqlServer.dll
C:/ITKiosk\EntityFramework.xml
C:/ITKiosk\EntLibContrib.Data.OdpNet.dll
C:/ITKiosk\Fleck.dll
C:/ITKiosk\GS.Apdu.dll
C:/ITKiosk\GS.HexLibrary.dll
C:/ITKiosk\HEDC_RS.dll
C:/ITKiosk\HotelSelfServiceDataLib.dll
C:/ITKiosk\HotelSelfServiceDataLib.pdb
C:/ITKiosk\HWAccess.sys
C:/ITKiosk\HWAccess64.sys
C:/ITKiosk\HWDLL.dll
C:/ITKiosk\ICSharpCode.SharpZipLib.dll
C:/ITKiosk\ITSLib.dll
C:/ITKiosk\ITSLib.dll.config
C:/ITKiosk\ITSLib.pdb
C:/ITKiosk\ITSLib.xml
C:/ITKiosk\KEYWORLDDL.dll
C:/ITKiosk\KioSECAPI.dll
C:/ITKiosk\KioskClient.exe
C:/ITKiosk\KioskClient.exe.config
C:/ITKiosk\KioskClient.pdb
C:/ITKiosk\KioskClient.XML
C:/ITKiosk\KioskCommand.exe
C:/ITKiosk\KioskCommand.exe.config
C:/ITKiosk\KioskCommand.pdb
C:/ITKiosk\KioskCommand.vshost.exe.config
C:/ITKiosk\KioskCommand.vshost.exe.manifest
C:/ITKiosk\KioskCommand.XML
C:/ITKiosk\KioskCommonDataLib.dll
C:/ITKiosk\KioskCommonDataLib.pdb
C:/ITKiosk\KioskLauncher.exe
C:/ITKiosk\KioskLauncher.exe.config
C:/ITKiosk\KioskLauncher.pdb
C:/ITKiosk\KioskLauncher.XML
C:/ITKiosk\KioskMonitor-Backup.exe
C:/ITKiosk\KioskMonitor-Backup.pdb
C:/ITKiosk\KioskMonitor.exe
C:/ITKiosk\KioskMonitor.exe.config
C:/ITKiosk\KioskMonitor.pdb
C:/ITKiosk\KioskMonitor.vshost.exe.config
C:/ITKiosk\KioskMonitor.vshost.exe.manifest
C:/ITKiosk\KioskMonitor.XML
C:/ITKiosk\KioskRemoting.dll
C:/ITKiosk\KioskRemoting.pdb
C:/ITKiosk\KioskRemoting.xml
C:/ITKiosk\KioSPEC.dll
C:/ITKiosk\KMSClientFrom.exe
C:/ITKiosk\KMSClientFrom.exe.config
C:/ITKiosk\KMSEntityLib.dll
C:/ITKiosk\KMSEntityLib.dll.config
C:/ITKiosk\KMSEntityLib.pdb
C:/ITKiosk\libInvoiceFormat.dll
C:/ITKiosk\log4net.config
C:/ITKiosk\log4net.dll
C:/ITKiosk\log4net.pdb
C:/ITKiosk\log4net.xml
C:/ITKiosk\Microsoft.AspNet.SignalR.Client.dll
C:/ITKiosk\Microsoft.AspNet.SignalR.Client.xml
C:/ITKiosk\Microsoft.Practices.EnterpriseLibrary.Common.dll
C:/ITKiosk\Microsoft.Practices.EnterpriseLibrary.Data.dll
C:/ITKiosk\Microsoft.Practices.ServiceLocation.dll
C:/ITKiosk\Microsoft.Practices.Unity.dll
C:/ITKiosk\Microsoft.Practices.Unity.Interception.Configuration.dll
C:/ITKiosk\Microsoft.Practices.Unity.Interception.dll
C:/ITKiosk\Microsoft.QualityTools.Testing.Fakes.dll
C:/ITKiosk\Microsoft.Web.Infrastructure.dll
C:/ITKiosk\ModuleConnectionLib.dll
C:/ITKiosk\ModuleConnectionLib.pdb
C:/ITKiosk\ModuleConnectionLib.xml
C:/ITKiosk\MongoDB.Bson.dll
C:/ITKiosk\MongoDB.Bson.xml
C:/ITKiosk\MongoDB.Driver.Core.dll
C:/ITKiosk\MongoDB.Driver.Core.xml
C:/ITKiosk\MongoDB.Driver.dll
C:/ITKiosk\MongoDB.Driver.xml
C:/ITKiosk\MonitorCmd.txt
C:/ITKiosk\MonitorModuleLib.dll
C:/ITKiosk\MonitorModuleLib.pdb
C:/ITKiosk\MonitorModuleLib.xml
C:/ITKiosk\MouseClick.exe
C:/ITKiosk\MySql.Data.dll
C:/ITKiosk\NCalc.dll
C:/ITKiosk\Newtonsoft.Json.dll
C:/ITKiosk\Newtonsoft.Json.xml
C:/ITKiosk\NLog.config
C:/ITKiosk\NLog.dll
C:/ITKiosk\NPOI.dll
C:/ITKiosk\NPOI.OOXML.dll
C:/ITKiosk\NPOI.OpenXml4Net.dll
C:/ITKiosk\NPOI.OpenXmlFormats.dll
C:/ITKiosk\NTCHKSDataLib.dll
C:/ITKiosk\NTCHKSDataLib.pdb
C:/ITKiosk\Oracle.DataAccess.dll
C:/ITKiosk\Oracle.ManagedDataAccess.dll
C:/ITKiosk\PS3_C_SHARP.dll
C:/ITKiosk\QREncrypter.dll
C:/ITKiosk\Reader.dll
C:/ITKiosk\ShalomHotelSelfServiceDataLib.dll
C:/ITKiosk\ShalomHotelSelfServiceDataLib.pdb
C:/ITKiosk\SignalRLib.dll
C:/ITKiosk\SignalRLib.dll.config
C:/ITKiosk\SignalRLib.pdb
C:/ITKiosk\SignalRLib.xml
C:/ITKiosk\SnmpSharpNet.dll
C:/ITKiosk\SQLite.CodeFirst.dll
C:/ITKiosk\StarIO.dll
C:/ITKiosk\StarIO.xml
C:/ITKiosk\StarIOPort.dll
C:/ITKiosk\Starksoft.Net.Ftp.dll
C:/ITKiosk\Starksoft.Net.Proxy.dll
C:/ITKiosk\startKioskClient.bat
C:/ITKiosk\System.Data.SQLite.dll
C:/ITKiosk\System.Data.SQLite.EF6.dll
C:/ITKiosk\System.Data.SQLite.Linq.dll
C:/ITKiosk\System.Data.SQLite.xml
C:/ITKiosk\System.Net.Http.Formatting.dll
C:/ITKiosk\System.Net.Http.Formatting.xml
C:/ITKiosk\System.Runtime.InteropServices.RuntimeInformation.dll
C:/ITKiosk\System.Web.dll
C:/ITKiosk\System.Web.Helpers.dll
C:/ITKiosk\System.Web.Helpers.xml
C:/ITKiosk\System.Web.Mvc.dll
C:/ITKiosk\System.Web.Mvc.xml
C:/ITKiosk\System.Web.Razor.dll
C:/ITKiosk\System.Web.Razor.xml
C:/ITKiosk\System.Web.WebPages.Deployment.dll
C:/ITKiosk\System.Web.WebPages.Deployment.xml
C:/ITKiosk\System.Web.WebPages.dll
C:/ITKiosk\System.Web.WebPages.Razor.dll
C:/ITKiosk\System.Web.WebPages.Razor.xml
C:/ITKiosk\System.Web.WebPages.xml
C:/ITKiosk\SystemConfig.json
C:/ITKiosk\SystemSetting.ini
C:/ITKiosk\T4U.BL.CMS.dll
C:/ITKiosk\T4U.Core.dll
C:/ITKiosk\T4U.DB.CMS.dll
C:/ITKiosk\TechgroupDataLib.dll
C:/ITKiosk\TechgroupDataLib.pdb
C:/ITKiosk\TicketingServiceDataLib.dll
C:/ITKiosk\TicketingServiceDataLib.pdb
C:/ITKiosk\TNCFossilKSDataLib.dll
C:/ITKiosk\TNCFossilKSDataLib.pdb
C:/ITKiosk\ToolBoxDll.dll
C:/ITKiosk\Tools.dll
C:/ITKiosk\Tools.pdb
C:/ITKiosk\Xamarin.Forms.Core.dll
C:/ITKiosk\Xamarin.Forms.Core.pdb
C:/ITKiosk\Xamarin.Forms.Core.xml
C:/ITKiosk\Xamarin.Forms.Platform.dll
C:/ITKiosk\Xamarin.Forms.Platform.pdb
C:/ITKiosk\Xamarin.Forms.Xaml.dll
C:/ITKiosk\Xamarin.Forms.Xaml.pdb
C:/ITKiosk\Xamarin.Forms.Xaml.xml
C:/ITKiosk\xproxapi.dll
C:/ITKiosk\zymsr232.dll
C:/ITKiosk\zymurusb.dll
C:/ITKiosk\Reader\RFID_DATA.ini
C:/ITKiosk\Reader\SETTING.ini
C:/ITKiosk\Reader\SetupParam.xml
C:/ITKiosk\Reader\BOT\Config.dat
C:/ITKiosk\Reader\BOT\ECRTool.exe
C:/ITKiosk\Reader\BOT\ECRToolDll.dll
C:/ITKiosk\Reader\BOT\InData.dat
C:/ITKiosk\Reader\BOT\msvcp110.dll
C:/ITKiosk\Reader\BOT\msvcr110.dll
C:/ITKiosk\Reader\BOT\README.txt
C:/ITKiosk\Reader\CATHAY\ecr.exe
C:/ITKiosk\Reader\CATHAY\EDCFileTransferApi.exe
C:/ITKiosk\Reader\CATHAY\in.dat
C:/ITKiosk\Reader\CATHAY\out.dat
C:/ITKiosk\Reader\CATHAY\pos.dat
C:/ITKiosk\Reader\CTBC_SYMLINK\ECR.DAT
C:/ITKiosk\Reader\CTBC_SYMLINK\ECRApi_CTCB_1.1.exe
C:/ITKiosk\Reader\CTBC_SYMLINK\in.DAT
C:/ITKiosk\Reader\CTBC_SYMLINK\out.dat
C:/ITKiosk\Reader\CTBC_SYMLINK\temp.dat
C:/ITKiosk\Reader\ECC_API\ECC_DATA.ini
C:/ITKiosk\Reader\ECC_API\ICERAPI.exe
C:/ITKiosk\Reader\ECC_API\ICERAPI.REQ
C:/ITKiosk\Reader\ECC_API\ICERAPI.RES
C:/ITKiosk\Reader\ECC_API\ICERAPI.RES.OK
C:/ITKiosk\Reader\ECC_API\ICERINI.xml
C:/ITKiosk\Reader\ECC_API\請先看我.txt
C:/ITKiosk\Reader\ECC_API\ICERData\ICERAPI.REQ
C:/ITKiosk\Reader\ECC_API\ICERData\ICERAPI.RES
C:/ITKiosk\Reader\ECC_API\ICERData\ICERAPI.RES.OK
C:/ITKiosk\Reader\ECC_API\ICERData\ICERAPI.tmp
C:/ITKiosk\Reader\ECC_API\ICERData\ICERSSL.CRT
C:/ITKiosk\Reader\ECC_API\ICERData\libeay32.dll
C:/ITKiosk\Reader\ECC_API\ICERData\msvcr120.dll
C:/ITKiosk\Reader\ECC_API\ICERData\ssleay32.dll
C:/ITKiosk\Reader\ECC_API\ICERData\BlcFile\BLC03342A_190702.BIG
C:/ITKiosk\Reader\ECC_API\ICERData\BlcFile\BLC03342A_190703.BIG
C:/ITKiosk\Reader\EcrApi(Win)_CTCB_1.1\ECR.DAT
C:/ITKiosk\Reader\EcrApi(Win)_CTCB_1.1\EcrAPI.doc
C:/ITKiosk\Reader\EcrApi(Win)_CTCB_1.1\ECRApi_CTCB_1.1.exe
C:/ITKiosk\Reader\EcrApi(Win)_CTCB_1.1\in.DAT
C:/ITKiosk\Reader\EcrApi(Win)_CTCB_1.1\out.dat
C:/ITKiosk\Reader\ENUM\Config.dat
C:/ITKiosk\Reader\ENUM\ECRTool.exe
C:/ITKiosk\Reader\ENUM\ECRToolDll.dll
C:/ITKiosk\Reader\ENUM\InData.dat
C:/ITKiosk\Reader\ENUM\msvcp110.dll
C:/ITKiosk\Reader\ENUM\msvcr110.dll
C:/ITKiosk\Reader\ENUM\OutData.dat
C:/ITKiosk\Reader\ENUM\README.txt
C:/ITKiosk\Reader\FIRST\ecr.exe
C:/ITKiosk\Reader\FIRST\pos.dat
C:/ITKiosk\Reader\NCCC\Config.dat
C:/ITKiosk\Reader\NCCC\ECRTool.exe
C:/ITKiosk\Reader\NCCC\ECRToolDll.dll
C:/ITKiosk\Reader\NCCC\InData.dat
C:/ITKiosk\Reader\NCCC\msvcp110.dll
C:/ITKiosk\Reader\NCCC\msvcr110.dll
C:/ITKiosk\Reader\NTSEC_IPASS\IPASS_INI.ini
C:/ITKiosk\Reader\NTSEC_IPASS\IPASS_LIB_FILE.dat
C:/ITKiosk\Reader\NTSEC_IPASS\iPass_TAPS_exe_tool.exe
C:/ITKiosk\Reader\NTSEC_IPASS\iPass_TAPS_exe_tool.ini
C:/ITKiosk\Reader\NTSEC_IPASS\taps_EXE_API.exe
C:/ITKiosk\Reader\NTSEC_IPASS\iPASSXml\ComboBoxListItem.xml
C:/ITKiosk\Reader\NTSEC_IPASS\iPASSXml\ErrorMsg.xml
C:/ITKiosk\Reader\SINOPAC\Config.dat
C:/ITKiosk\Reader\SINOPAC\ECRTool.exe
C:/ITKiosk\Reader\SINOPAC\ECRToolDll.dll
C:/ITKiosk\Reader\SINOPAC\msvcp110.dll
C:/ITKiosk\Reader\SINOPAC\msvcr110.dll
C:/ITKiosk\Reader\SINOPAC\README.txt
C:/ITKiosk\Reader\TAISHIN\POS\CS_ecr.dat
C:/ITKiosk\Reader\TAISHIN\POS\CS_ErrorCode.dat
C:/ITKiosk\Reader\TAISHIN\POS\ECR.exe
C:/ITKiosk\Reader\TAISHIN\POS\in.dat
C:/ITKiosk\Reader\TAISHIN\TVM\CS_ecr.dat
C:/ITKiosk\Reader\TAISHIN\TVM\ECR.exe
C:/ITKiosk\Reader\TAISHIN\TVM\in.dat
C:/ITKiosk\Reader\TCB\Config.dat
C:/ITKiosk\Reader\TCB\ECRTool.exe
C:/ITKiosk\Reader\TCB\ECRToolDll.dll
C:/ITKiosk\Reader\TCB\msvcp110.dll
C:/ITKiosk\Reader\TCB\msvcr110.dll
C:/ITKiosk\Reader\TCB\README.txt
C:/ITKiosk\Reader\TCB2.2\Config.dat
C:/ITKiosk\Reader\TCB2.2\ECRTool.exe
C:/ITKiosk\Reader\TCB2.2\ECRToolDll.dll
C:/ITKiosk\Reader\TCB2.2\msvcp110.dll
C:/ITKiosk\Reader\TCB2.2\msvcr110.dll
C:/ITKiosk\Reader\TCB2.2\README.txt
C:/ITKiosk\Reader\TESTconfig\ECC_API\ECC_DATA.ini
C:/ITKiosk\Reader\TESTconfig\ECC_API\ICERAPI.RES
C:/ITKiosk\Reader\TESTconfig\ECC_API\ICERAPI.tmp
C:/ITKiosk\Reader\TESTconfig\ECC_API\ICERINI.xml
C:/ITKiosk\Reader\TESTconfig\ECC_API\請先看我.txt
C:/ITKiosk\Reader\TESTconfig\ECC_API\ICERData\ICERAPI.REQ
C:/ITKiosk\Reader\TESTconfig\ECC_API\ICERData\ICERAPI.RES
C:/ITKiosk\Reader\TESTconfig\ECC_API\ICERData\libeay32.dll
C:/ITKiosk\Reader\TESTconfig\ECC_API\ICERData\msvcr120.dll
C:/ITKiosk\Reader\TESTconfig\ECC_API\ICERData\ssleay32.dll
C:/ITKiosk\Reader\TESTconfig\NTSEC_IPASS\IPASS_INI.ini
C:/ITKiosk\Reader\TESTconfig\NTSEC_IPASS\IPASS_LIB_FILE.dat
C:/ITKiosk\Reader\TESTconfig\NTSEC_IPASS\IPASS_Output.txt
C:/ITKiosk\Reader\TESTconfig\NTSEC_IPASS\iPass_TAPS_exe_tool.ini
C:/ITKiosk\Reader\TESTconfig\NTSEC_IPASS\iPASSXml\ComboBoxListItem.xml
C:/ITKiosk\Reader\TESTconfig\NTSEC_IPASS\iPASSXml\ErrorMsg.xml
C:/ITKiosk\Reader\UBOT\ecr.dll
C:/ITKiosk\Reader\UBOT\ecr.exe
C:/ITKiosk\Reader\UBOT\pos.dat
C:/ITKiosk\Tool\KillMainApModule.exe
C:/ITKiosk\Tool\KillMainApModule.exe.config
C:/ITKiosk\Tool\KillMainApModule.pdb
C:/ITKiosk\Tool\log4net.dll
C:/ITKiosk\Tool\log4net.xml
C:/ITKiosk\x64\SQLite.Interop.dll
C:/ITKiosk\x86\SQLite.Interop.dll
C:/ITKiosk\zh-Hant\EntityFramework.resources.dll
C:/ITKiosk\zh-Hant\Microsoft.QualityTools.Testing.Fakes.resources.dll
C:/ITKiosk\zh-Hant\System.Web.Helpers.resources.dll
C:/ITKiosk\zh-Hant\System.Web.Mvc.resources.dll
C:/ITKiosk\zh-Hant\System.Web.Razor.resources.dll
C:/ITKiosk\zh-Hant\System.Web.WebPages.Deployment.resources.dll
C:/ITKiosk\zh-Hant\System.Web.WebPages.Razor.resources.dll
C:/ITKiosk\zh-Hant\System.Web.WebPages.resources.dll
C:/ITKiosk\zh-TW\KMSEntityLib.resources.dll
C:/ITKiosk\AutoStartKioskClient.bat
C:/ITKiosk\AutoStartKioskClient.bat - Shortcut.lnk
C:/ITKiosk\DataLib.dll.config
C:/ITKiosk\DESConsole.exe.config
C:/ITKiosk\ITSLib.dll.config
C:/ITKiosk\KioskClient.exe.config
C:/ITKiosk\KioskCommand.exe.config
C:/ITKiosk\KioskCommand.vshost.exe.config
C:/ITKiosk\KioskLauncher.exe.config
C:/ITKiosk\KioskMonitor.vshost.exe.config
C:/ITKiosk\KMSClientFrom.exe.config
C:/ITKiosk\KMSEntityLib.dll.config
C:/ITKiosk\log4net.config
C:/ITKiosk\NLog.config
C:/ITKiosk\ServiceSetup.xml
C:/ITKiosk\SignalRLib.dll.config
C:/ITKiosk\DeviceExternal\ThermalTemplate.xml
C:/ITKiosk\DeviceExternal\config\Thermal\setting-BackUp.json
C:/ITKiosk\DeviceExternal\config\Thermal\setting-lost.json
C:/ITKiosk\DeviceExternal\config\Thermal\setting.json
C:/ITKiosk\DeviceExternal\config\Thermal\setting_T82.json
C:/ITKiosk\ExtermalSettings\PalaceTVM\BESync.json
C:/ITKiosk\ExtermalSettings\PalaceTVM\KMSSetting-d.json
C:/ITKiosk\ExtermalSettings\PalaceTVM\KMSSetting-li.json
C:/ITKiosk\ExtermalSettings\PalaceTVM\KMSSetting.json
C:/ITKiosk\ExtermalSettings\PalaceTVM\KMSSetting.txt
C:/ITKiosk\ExtermalSettings\PalaceTVM\systemSetting.json
C:/ITKiosk\ExtermalSettings\PalaceTVM\systemSetting_D.json
C:/ITKiosk\ExtermalSettings\PalaceTVM\systemSetting_old.json
C:/ITKiosk\External\DLL\HttpAPIExt\HttpAPIExt.ext
C:/ITKiosk\External\DLL\HttpAPIExt\HttpAPIExt.pdb
C:/ITKiosk\External\DLL\KioskCommon\KioskCommon.ext
C:/ITKiosk\External\DLL\KioskCommon\KioskCommon.pdb
C:/ITKiosk\External\DLL\TicketingServiceBizExt\TicketingServiceBizExt.ext
C:/ITKiosk\External\DLL\TicketingServiceBizExt\TicketingServiceBizExt.pdb
C:/ITKiosk\Reader\RFID_DATA.ini
C:/ITKiosk\Reader\SETTING.ini
C:/ITKiosk\Reader\SetupParam.xml
C:/ITKiosk\Reader\BOT\Config.dat
C:/ITKiosk\Reader\CATHAY\pos.dat
C:/ITKiosk\Reader\CTBC_S3\ECR.DAT
C:/ITKiosk\Reader\CTBC_S300\pos.dat
C:/ITKiosk\Reader\CTBC_SYMLINK\ECR.DAT
C:/ITKiosk\Reader\ECC_API\ICERINI.xml
C:/ITKiosk\Reader\EcrApi(Win)_CTCB_1.1\ECR.DAT
C:/ITKiosk\Reader\ENUM\Config.dat
C:/ITKiosk\Reader\FIRST\pos.dat
C:/ITKiosk\Reader\NCCC\Config.dat
C:/ITKiosk\Reader\NTSEC_IPASS\IPASS_INI.ini
C:/ITKiosk\Reader\SINOPAC\Config.dat
C:/ITKiosk\Reader\TAISHIN\POS\CS_ecr.dat
C:/ITKiosk\Reader\TAISHIN\TVM\CS_ecr.dat
C:/ITKiosk\Reader\TCB\Config.dat
C:/ITKiosk\Reader\TCB2.2\Config.dat
C:/ITKiosk\Reader\TESTconfig\ECC_API\ICERINI.xml
C:/ITKiosk\Reader\TESTconfig\NTSEC_IPASS\IPASS_INI.ini
C:/ITKiosk\Reader\UBOT\pos.dat
C:/ITKiosk\UserData\Config\UI.xml
C:/ITKiosk\html.zip
C:/ITKiosk\html\index.html
C:/ITKiosk\html\content\ad.mpcpl
C:/ITKiosk\html\css\bootstrap.css
C:/ITKiosk\html\css\bootstrap.css.map
C:/ITKiosk\html\css\bootstrap.min.css
C:/ITKiosk\html\css\bootstrap.min.css.map
C:/ITKiosk\html\css\common.css
C:/ITKiosk\html\css\cpj.css
C:/ITKiosk\html\css\cpj.css.bak
C:/ITKiosk\html\css\fontawesome.css
C:/ITKiosk\html\css\fontello.css
C:/ITKiosk\html\css\FonTicket_p22 1.png
C:/ITKiosk\html\css\FonTripTVM.css
C:/ITKiosk\html\css\keyboard.css
C:/ITKiosk\html\css\MST-TicketMachine.css
C:/ITKiosk\html\css\mst.css
C:/ITKiosk\html\css\mst.css.bak
C:/ITKiosk\html\css\swiper.min.css
C:/ITKiosk\html\fonts\fontello.eot
C:/ITKiosk\html\fonts\fontello.svg
C:/ITKiosk\html\fonts\fontello.ttf
C:/ITKiosk\html\fonts\fontello.woff
C:/ITKiosk\html\fonts\fontello.woff2
C:/ITKiosk\html\icons\back.svg
C:/ITKiosk\html\icons\check.svg
C:/ITKiosk\html\icons\close.svg
C:/ITKiosk\html\icons\diminish.svg
C:/ITKiosk\html\icons\home.svg
C:/ITKiosk\html\icons\next.svg
C:/ITKiosk\html\icons\plus.svg
C:/ITKiosk\html\icons\slide.svg
C:/ITKiosk\html\images\barcode.gif
C:/ITKiosk\html\images\bg.jpg
C:/ITKiosk\html\images\QR.jpg
C:/ITKiosk\html\images\TEMP002.jpg
C:/ITKiosk\html\images\TEMP003.jpg
C:/ITKiosk\html\img\0y7ElQpwZNDajmvN.png
C:/ITKiosk\html\img\2NrWYjD2xbLqP6MB.png
C:/ITKiosk\html\img\2NrWYjD2yNkLqP6M.png
C:/ITKiosk\html\img\5led7gpxBykoa4NQ.png
C:/ITKiosk\html\img\6nG35Ppe83D7MXKg.png
C:/ITKiosk\html\img\6YARrwDBqKk1WjXn.png
C:/ITKiosk\html\img\7By3xObVEmpVeNnY.png
C:/ITKiosk\html\img\82gy1Wb8PdbqdmZ7.png
C:/ITKiosk\html\img\8XG21YD4xrDarxgO.png
C:/ITKiosk\html\img\9gOY83DOmmbXWwGK.png
C:/ITKiosk\html\img\aJne1jbN5xpVXzPK.png
C:/ITKiosk\html\img\arrow_left.png
C:/ITKiosk\html\img\arrow_right.png
C:/ITKiosk\html\img\aVd9mJkGngbPeR5x.png
C:/ITKiosk\html\img\aVd9mJkGqypPeR5x.png
C:/ITKiosk\html\img\bank.bmp
C:/ITKiosk\html\img\bg.png
C:/ITKiosk\html\img\bg_exclamation.png
C:/ITKiosk\html\img\bg_nnmst.png
C:/ITKiosk\html\img\bg_ticket_out.png
C:/ITKiosk\html\img\bzdWQEyr6ywGNDe2.png
C:/ITKiosk\html\img\countdown.png
C:/ITKiosk\html\img\credit.png
C:/ITKiosk\html\img\ecc.png
C:/ITKiosk\html\img\FonTicket.ico
C:/ITKiosk\html\img\FonTicket_p22 1.png
C:/ITKiosk\html\img\Group.png
C:/ITKiosk\html\img\GvYXgVb9q1b2zyxE.png
C:/ITKiosk\html\img\Hand-OneFinger-Scroll-Horizontal.png
C:/ITKiosk\html\img\Hand-OneFinger-Scroll-Vertical.png
C:/ITKiosk\html\img\icon_hide.png
C:/ITKiosk\html\img\icon_show.png
C:/ITKiosk\html\img\ic_barcode.png
C:/ITKiosk\html\img\ic_bill-2.png
C:/ITKiosk\html\img\ic_bill.png
C:/ITKiosk\html\img\ic_donate.png
C:/ITKiosk\html\img\image 17 1.png
C:/ITKiosk\html\img\image 18.png
C:/ITKiosk\html\img\image 18_nnmst.png
C:/ITKiosk\html\img\image 20.png
C:/ITKiosk\html\img\image 20_nnmst.png
C:/ITKiosk\html\img\invoice-name.bmp
C:/ITKiosk\html\img\invoice-name_tmp.bmp
C:/ITKiosk\html\img\jieko.png
C:/ITKiosk\html\img\JQXKndk5A1keOlNM.png
C:/ITKiosk\html\img\JQXKndk5qakeOlNM.png
C:/ITKiosk\html\img\L1rVd0DL25bAe45E.png
C:/ITKiosk\html\img\L1rVd0DL83DAe45E.png
C:/ITKiosk\html\img\linepay.png
C:/ITKiosk\html\img\loading.gif
C:/ITKiosk\html\img\logo.png
C:/ITKiosk\html\img\logobak.png
C:/ITKiosk\html\img\logo_nnmst.png
C:/ITKiosk\html\img\logo_old.png
C:/ITKiosk\html\img\LOGO_ori.png
C:/ITKiosk\html\img\MaskGroup3.png
C:/ITKiosk\html\img\NJAWPwp0vdkjGK19.png
C:/ITKiosk\html\img\o2E0wvkgmp3G1rgV.png
C:/ITKiosk\html\img\oARey2pqyBpN43rJ.png
C:/ITKiosk\html\img\oNYqlGDyyQD7mJd6.png
C:/ITKiosk\html\img\P6Y72Nbjx6DL45Zv.png
C:/ITKiosk\html\img\P6Y72NbjYXpL45Zv.png
C:/ITKiosk\html\img\P8QeolbmjVkJz0WY.png
C:/ITKiosk\html\img\PASSHome.png
C:/ITKiosk\html\img\PASSLogo.png
C:/ITKiosk\html\img\Path5751.png
C:/ITKiosk\html\img\Payment-Long.bmp
C:/ITKiosk\html\img\Payment.bmp
C:/ITKiosk\html\img\pic_outofservice.png
C:/ITKiosk\html\img\p_ecc.png
C:/ITKiosk\html\img\p_ictcash.png
C:/ITKiosk\html\img\p_pay.png
C:/ITKiosk\html\img\p_scan.png
C:/ITKiosk\html\img\p_service.png
C:/ITKiosk\html\img\p_ticket_out.png
C:/ITKiosk\html\img\REPEAT 1.png
C:/ITKiosk\html\img\rollToSeeSeats.gif
C:/ITKiosk\html\img\seat_small.png
C:/ITKiosk\html\img\Ticket-Long.bmp
C:/ITKiosk\html\img\Ticket.bmp
C:/ITKiosk\html\img\Timer.png
C:/ITKiosk\html\img\touch-screen.svg
C:/ITKiosk\html\img\Transitions.gif
C:/ITKiosk\html\img\tri.png
C:/ITKiosk\html\img\triup.png
C:/ITKiosk\html\img\twpay.png
C:/ITKiosk\html\img\vaOEN6D7mgb8VZoz.png
C:/ITKiosk\html\img\VLOGnAD6GqpxgdNe.png
C:/ITKiosk\html\img\W1xe45DR23DO8QN9.png
C:/ITKiosk\html\img\warning.png
C:/ITKiosk\html\img\wmGVNRkMPwbLXo6r.png
C:/ITKiosk\html\img\Wx9QwBDWYMbKEjzZ.png
C:/ITKiosk\html\img\ZQrmB7baBKkOE10X.png
C:/ITKiosk\html\img\country\australia.png
C:/ITKiosk\html\img\country\btn_lan.png
C:/ITKiosk\html\img\country\canada.png
C:/ITKiosk\html\img\country\china.png
C:/ITKiosk\html\img\country\france.png
C:/ITKiosk\html\img\country\germany.png
C:/ITKiosk\html\img\country\hongkong.png
C:/ITKiosk\html\img\country\hongkong_macao.png
C:/ITKiosk\html\img\country\indonesia.png
C:/ITKiosk\html\img\country\macao.png
C:/ITKiosk\html\img\country\malaysia.png
C:/ITKiosk\html\img\country\netherlands.png
C:/ITKiosk\html\img\country\new_zealand.png
C:/ITKiosk\html\img\country\philippines.png
C:/ITKiosk\html\img\country\singapore.png
C:/ITKiosk\html\img\country\taiwan.png
C:/ITKiosk\html\img\country\thailand.png
C:/ITKiosk\html\img\country\united_kingdom.png
C:/ITKiosk\html\img\country\united_states.png
C:/ITKiosk\html\img\country\vietnam.png
C:/ITKiosk\html\scripts\auto-loader.js
C:/ITKiosk\html\scripts\axios.min.js
C:/ITKiosk\html\scripts\bootstrap.min.js
C:/ITKiosk\html\scripts\Device.js
C:/ITKiosk\html\scripts\jquery-ui.min.js
C:/ITKiosk\html\scripts\jquery.keyboard.min.js
C:/ITKiosk\html\scripts\KioskClient.js
C:/ITKiosk\html\scripts\moment.js
C:/ITKiosk\html\scripts\sweetalert2 copy.js
C:/ITKiosk\html\scripts\sweetalert2-IE.js
C:/ITKiosk\html\scripts\sweetalert2.js
C:/ITKiosk\html\scripts\swiper.min.js
C:/ITKiosk\html\scripts\viewModels.js
C:/ITKiosk\html\scripts\components\component.admin.js
C:/ITKiosk\html\scripts\components\component.adminVerify.js
C:/ITKiosk\html\scripts\components\component.BillSetting.js
C:/ITKiosk\html\scripts\components\component.ChooseSeat.js
C:/ITKiosk\html\scripts\components\component.common.js
C:/ITKiosk\html\scripts\components\component.ConfirmDetail.js
C:/ITKiosk\html\scripts\components\component.Country.js
C:/ITKiosk\html\scripts\components\component.deviceOpen.js
C:/ITKiosk\html\scripts\components\component.mainMenu.js
C:/ITKiosk\html\scripts\components\component.MuseumID.js
C:/ITKiosk\html\scripts\components\component.Payment.js
C:/ITKiosk\html\scripts\components\component.PaySuccess.js
C:/ITKiosk\html\scripts\components\component.PrintFail.js
C:/ITKiosk\html\scripts\components\component.ProductChoice.js
C:/ITKiosk\html\scripts\components\component.ProductChoiceReserTicket.js
C:/ITKiosk\html\scripts\components\component.ProductChoiceTicket.js
C:/ITKiosk\html\scripts\components\component.ProductDescription.js
C:/ITKiosk\html\scripts\components\component.register.js
C:/ITKiosk\html\scripts\components\component.Unumber.js
C:/ITKiosk\html\scripts\components\component.Vehicle.js
C:/ITKiosk\html\scripts\jsFramework\jquery-1.11.3.min.js
C:/ITKiosk\html\scripts\jsFramework\mainApp.js
C:/ITKiosk\html\scripts\jsFramework\vue.js
C:/ITKiosk\html\scripts\settings\adsSetting.js
C:/ITKiosk\html\scripts\settings\BackEnd.js
C:/ITKiosk\html\scripts\settings\commonExt.js
C:/ITKiosk\html\scripts\settings\countrySet.js
C:/ITKiosk\html\scripts\settings\customLib.js
C:/ITKiosk\html\scripts\settings\customLibDevice.js
C:/ITKiosk\html\scripts\settings\fakeAPIData.js
C:/ITKiosk\html\scripts\settings\PalaceAPI.js
C:/ITKiosk\html\scripts\settings\systemSetting.js
C:/ITKiosk\html\scripts\settings\templateSetting.js
C:/ITKiosk\html\templates\component.admin.html
C:/ITKiosk\html\templates\component.adminVerify.html
C:/ITKiosk\html\templates\component.BillSetting.html
C:/ITKiosk\html\templates\component.ChooseSeat.html
C:/ITKiosk\html\templates\component.common.html
C:/ITKiosk\html\templates\component.ConfirmDetail.html
C:/ITKiosk\html\templates\component.Country.html
C:/ITKiosk\html\templates\component.deviceOpen.html
C:/ITKiosk\html\templates\component.mainMenu.html
C:/ITKiosk\html\templates\component.MuseumID.html
C:/ITKiosk\html\templates\component.Payment.html
C:/ITKiosk\html\templates\component.PaySuccess.html
C:/ITKiosk\html\templates\component.PrintFail.html
C:/ITKiosk\html\templates\component.ProductChoice.html
C:/ITKiosk\html\templates\component.ProductChoiceReserTicket.html
C:/ITKiosk\html\templates\component.ProductChoiceTicket.html
C:/ITKiosk\html\templates\component.ProductDescription.html
C:/ITKiosk\html\templates\component.register.html
C:/ITKiosk\html\templates\component.Unumber.html
C:/ITKiosk\html\templates\component.Vehicle.html
C:/ITKiosk\html\content\ad.mpcpl
C:/ITKiosk\html\content\audio\Beep.mp3
C:/ITKiosk\html\css\all.css
C:/ITKiosk\html\css\all.css.map
C:/ITKiosk\html\css\all1.css
C:/ITKiosk\html\css\allPos.css
C:/ITKiosk\html\css\animate.css
C:/ITKiosk\html\css\bootstrap-theme.min.css
C:/ITKiosk\html\css\bootstrap.css
C:/ITKiosk\html\css\bootstrap.css.map
C:/ITKiosk\html\css\bootstrap.min.css
C:/ITKiosk\html\css\bootstrap.min.css.map
C:/ITKiosk\html\css\common.css
C:/ITKiosk\html\css\cpj.css
C:/ITKiosk\html\css\cpj.css.bak
C:/ITKiosk\html\css\daterangepicker.css
C:/ITKiosk\html\css\font-awesome.min.css
C:/ITKiosk\html\css\fontawesome.css
C:/ITKiosk\html\css\fontawesome.min.css
C:/ITKiosk\html\css\fontello.css
C:/ITKiosk\html\css\FonTicket_p22 1.png
C:/ITKiosk\html\css\FonTripTVM.css
C:/ITKiosk\html\css\iscroll.css
C:/ITKiosk\html\css\jquery-ui.min.css
C:/ITKiosk\html\css\keyboard.css
C:/ITKiosk\html\css\keyboard.min.css
C:/ITKiosk\html\css\keyboardEn.css
C:/ITKiosk\html\css\MST-TicketMachine.css
C:/ITKiosk\html\css\mst.css
C:/ITKiosk\html\css\mst.css.bak
C:/ITKiosk\html\css\ntsec.css
C:/ITKiosk\html\css\regular.css
C:/ITKiosk\html\css\solid.css
C:/ITKiosk\html\css\sweetalert2.css
C:/ITKiosk\html\css\swiper.min.css
C:/ITKiosk\html\css\VirtualKeyboard.Default.css
C:/ITKiosk\html\css\images\calc-1overx.png
C:/ITKiosk\html\css\images\calc-ex.png
C:/ITKiosk\html\css\images\calc-xy.png
C:/ITKiosk\html\css\images\calc-yroot.png
C:/ITKiosk\html\css\images\external.png
C:/ITKiosk\html\css\images\keyboard.png
C:/ITKiosk\html\css\images\ui-bg_flat_30_cccccc_40x100.png
C:/ITKiosk\html\css\images\ui-bg_flat_50_5c5c5c_40x100.png
C:/ITKiosk\html\css\images\ui-bg_glass_20_555555_1x400.png
C:/ITKiosk\html\css\images\ui-bg_glass_40_0078a3_1x400.png
C:/ITKiosk\html\css\images\ui-bg_glass_40_ffc73d_1x400.png
C:/ITKiosk\html\css\images\ui-bg_gloss-wave_25_333333_500x100.png
C:/ITKiosk\html\css\images\ui-bg_highlight-soft_80_eeeeee_1x100.png
C:/ITKiosk\html\css\images\ui-bg_inset-soft_25_000000_1x100.png
C:/ITKiosk\html\css\images\ui-bg_inset-soft_30_f58400_1x100.png
C:/ITKiosk\html\css\images\ui-icons_222222_256x240.png
C:/ITKiosk\html\css\images\ui-icons_4b8e0b_256x240.png
C:/ITKiosk\html\css\images\ui-icons_a83300_256x240.png
C:/ITKiosk\html\css\images\ui-icons_cccccc_256x240.png
C:/ITKiosk\html\css\images\ui-icons_ffffff_256x240.png
C:/ITKiosk\html\font\NotoSansCJKtc-Medium.otf
C:/ITKiosk\html\fonts\fontawesome-webfont.eot
C:/ITKiosk\html\fonts\fontawesome-webfont.svg
C:/ITKiosk\html\fonts\fontawesome-webfont.ttf
C:/ITKiosk\html\fonts\fontawesome-webfont.woff
C:/ITKiosk\html\fonts\fontawesome-webfont.woff2
C:/ITKiosk\html\fonts\FontAwesome.otf
C:/ITKiosk\html\fonts\fontello.eot
C:/ITKiosk\html\fonts\fontello.svg
C:/ITKiosk\html\fonts\fontello.ttf
C:/ITKiosk\html\fonts\fontello.woff
C:/ITKiosk\html\fonts\fontello.woff2
C:/ITKiosk\html\fonts\glyphicons-halflings-regular.eot
C:/ITKiosk\html\fonts\glyphicons-halflings-regular.svg
C:/ITKiosk\html\fonts\glyphicons-halflings-regular.ttf
C:/ITKiosk\html\fonts\glyphicons-halflings-regular.woff
C:/ITKiosk\html\fonts\glyphicons-halflings-regular.woff2
C:/ITKiosk\html\icons\back.svg
C:/ITKiosk\html\icons\check.svg
C:/ITKiosk\html\icons\close.svg
C:/ITKiosk\html\icons\diminish.svg
C:/ITKiosk\html\icons\home.svg
C:/ITKiosk\html\icons\next.svg
C:/ITKiosk\html\icons\plus.svg
C:/ITKiosk\html\icons\slide.svg
C:/ITKiosk\html\images\barcode.gif
C:/ITKiosk\html\images\bg.jpg
C:/ITKiosk\html\images\bgbak.jpg
C:/ITKiosk\html\images\QR.jpg
C:/ITKiosk\html\images\TEMP002.jpg
C:/ITKiosk\html\images\TEMP003.jpg
C:/ITKiosk\html\img\0y7ElQpwZNDajmvN.png
C:/ITKiosk\html\img\14262401177494.png
C:/ITKiosk\html\img\2NrWYjD2xbLqP6MB.png
C:/ITKiosk\html\img\2NrWYjD2yNkLqP6M.png
C:/ITKiosk\html\img\5led7gpxBykoa4NQ.png
C:/ITKiosk\html\img\5led7gpxXxpoa4NQ.png
C:/ITKiosk\html\img\6nG35Ppe83D7MXKg.png
C:/ITKiosk\html\img\6YARrwDBqKk1WjXn.png
C:/ITKiosk\html\img\7By3xObVEmpVeNnY.png
C:/ITKiosk\html\img\82gy1Wb8PdbqdmZ7.png
C:/ITKiosk\html\img\8LlnmqboolbKGozX.png
C:/ITKiosk\html\img\8XG21YD4xrDarxgO.png
C:/ITKiosk\html\img\9gOY83DOmmbXWwGK.png
C:/ITKiosk\html\img\aJne1jbN5xpVXzPK.png
C:/ITKiosk\html\img\aJne1jbNjybVXzPK.png
C:/ITKiosk\html\img\alipay.jpg
C:/ITKiosk\html\img\arrow_left.png
C:/ITKiosk\html\img\arrow_right.png
C:/ITKiosk\html\img\aVd9mJkGngbPeR5x.png
C:/ITKiosk\html\img\aVd9mJkGqypPeR5x.png
C:/ITKiosk\html\img\bank.bmp
C:/ITKiosk\html\img\banner.7z
C:/ITKiosk\html\img\banner.bmp
C:/ITKiosk\html\img\banner.png
C:/ITKiosk\html\img\bg.png
C:/ITKiosk\html\img\bg_exclamation.png
C:/ITKiosk\html\img\bg_nnmst.png
C:/ITKiosk\html\img\bg_ticket_out.png
C:/ITKiosk\html\img\bzdWQEyr6ywGNDe2.png
C:/ITKiosk\html\img\countdown.png
C:/ITKiosk\html\img\credit.png
C:/ITKiosk\html\img\creditcard.jpg
C:/ITKiosk\html\img\creditcard.png
C:/ITKiosk\html\img\dialog_close.png
C:/ITKiosk\html\img\e6q8wOpQKxkdPBEG.png
C:/ITKiosk\html\img\ECC.jpg
C:/ITKiosk\html\img\ecc.png
C:/ITKiosk\html\img\ENg9Bepv92Dw8aYL.png
C:/ITKiosk\html\img\eticket.png
C:/ITKiosk\html\img\FonTicket.ico
C:/ITKiosk\html\img\FonTicket_p22 1.png
C:/ITKiosk\html\img\g7JlnzpzWabq05Mm.png
C:/ITKiosk\html\img\Group.png
C:/ITKiosk\html\img\GvYXgVb95qb2zyxE.png
C:/ITKiosk\html\img\GvYXgVb9q1b2zyxE.png
C:/ITKiosk\html\img\Hand-OneFinger-Scroll-Horizontal.png
C:/ITKiosk\html\img\Hand-OneFinger-Scroll-Vertical.png
C:/ITKiosk\html\img\home-btn.jpg
C:/ITKiosk\html\img\icon_hide.png
C:/ITKiosk\html\img\icon_show.png
C:/ITKiosk\html\img\icon_ticket.png
C:/ITKiosk\html\img\ic_barcode.png
C:/ITKiosk\html\img\ic_bill-2.png
C:/ITKiosk\html\img\ic_bill.png
C:/ITKiosk\html\img\ic_calendar.png
C:/ITKiosk\html\img\ic_calendar_b.png
C:/ITKiosk\html\img\ic_donate.png
C:/ITKiosk\html\img\ic_film.png
C:/ITKiosk\html\img\ic_film_b.png
C:/ITKiosk\html\img\image 17 1.png
C:/ITKiosk\html\img\image 18.png
C:/ITKiosk\html\img\image 18_nnmst.png
C:/ITKiosk\html\img\image 20.png
C:/ITKiosk\html\img\image 20_nnmst.png
C:/ITKiosk\html\img\invoice-name-prod.bmp
C:/ITKiosk\html\img\invoice-name.bmp
C:/ITKiosk\html\img\invoice-name_tmp.bmp
C:/ITKiosk\html\img\ipass.jpg
C:/ITKiosk\html\img\JdA02xb1rvk8lNO1.png
C:/ITKiosk\html\img\jieko.png
C:/ITKiosk\html\img\JQXKndk5A1keOlNM.png
C:/ITKiosk\html\img\JQXKndk5AlkeOlNM.png
C:/ITKiosk\html\img\JQXKndk5qakeOlNM.png
C:/ITKiosk\html\img\L1rVd0DL25bAe45E.png
C:/ITKiosk\html\img\L1rVd0DL83DAe45E.png
C:/ITKiosk\html\img\linepay.jpg
C:/ITKiosk\html\img\linepay.png
C:/ITKiosk\html\img\lM3GOLbK4ykxXwnE.png
C:/ITKiosk\html\img\lM3GOLbKv4pxXwnE.png
C:/ITKiosk\html\img\loading.gif
C:/ITKiosk\html\img\logo.bmp
C:/ITKiosk\html\img\logo.png
C:/ITKiosk\html\img\logobak.png
C:/ITKiosk\html\img\logoFT.png
C:/ITKiosk\html\img\logoM.png
C:/ITKiosk\html\img\logoM2.bmp
C:/ITKiosk\html\img\logoM2.png
C:/ITKiosk\html\img\logo_h.png
C:/ITKiosk\html\img\logo_nnmst.png
C:/ITKiosk\html\img\logo_old.png
C:/ITKiosk\html\img\LOGO_ori.png
C:/ITKiosk\html\img\LVRKq1p3vKD9r35N.png
C:/ITKiosk\html\img\MaskGroup3.png
C:/ITKiosk\html\img\money.png
C:/ITKiosk\html\img\mpayment.png
C:/ITKiosk\html\img\next-icon.jpg
C:/ITKiosk\html\img\NJAWPwp00ZpjGK19.png
C:/ITKiosk\html\img\NJAWPwp0BZkjGK19.png
C:/ITKiosk\html\img\NJAWPwp0vdkjGK19.png
C:/ITKiosk\html\img\normal_u2041.png
C:/ITKiosk\html\img\normal_u3478.png
C:/ITKiosk\html\img\normal_u850.png
C:/ITKiosk\html\img\npm-logo.bmp
C:/ITKiosk\html\img\npm-logo1.bmp
C:/ITKiosk\html\img\npm-test.bmp
C:/ITKiosk\html\img\npm_test.bmp
C:/ITKiosk\html\img\NxOPZdpnR7p6gyAM.png
C:/ITKiosk\html\img\o2E0wvkgmp3G1rgV.png
C:/ITKiosk\html\img\oARey2pq3MkN43rJ.png
C:/ITKiosk\html\img\oARey2pqmdpN43rJ.png
C:/ITKiosk\html\img\oARey2pqyBpN43rJ.png
C:/ITKiosk\html\img\oNYqlGDyyQD7mJd6.png
C:/ITKiosk\html\img\P6Y72Nbjx6DL45Zv.png
C:/ITKiosk\html\img\P6Y72NbjYXpL45Zv.png
C:/ITKiosk\html\img\P8QeolbmJGkJz0WY.png
C:/ITKiosk\html\img\P8QeolbmjVkJz0WY.png
C:/ITKiosk\html\img\palace.bmp
C:/ITKiosk\html\img\PASSHome.png
C:/ITKiosk\html\img\PASSLogo.png
C:/ITKiosk\html\img\Path5751.png
C:/ITKiosk\html\img\payment-ali.jpg
C:/ITKiosk\html\img\payment-creditcard.jpg
C:/ITKiosk\html\img\payment-ecc.jpg
C:/ITKiosk\html\img\Payment-Long.bmp
C:/ITKiosk\html\img\Payment.bmp
C:/ITKiosk\html\img\pic_outofservice.png
C:/ITKiosk\html\img\preloader.gif
C:/ITKiosk\html\img\previous-icon.jpg
C:/ITKiosk\html\img\print.jpg
C:/ITKiosk\html\img\p_ecc.png
C:/ITKiosk\html\img\p_ictcash.png
C:/ITKiosk\html\img\p_pay.png
C:/ITKiosk\html\img\p_scan.png
C:/ITKiosk\html\img\p_service.png
C:/ITKiosk\html\img\p_ticket_out.png
C:/ITKiosk\html\img\REPEAT 1.png
C:/ITKiosk\html\img\rollToSeeSeats.gif
C:/ITKiosk\html\img\seat_small.png
C:/ITKiosk\html\img\start-btn.jpg
C:/ITKiosk\html\img\step1.jpg
C:/ITKiosk\html\img\step2.jpg
C:/ITKiosk\html\img\step3.jpg
C:/ITKiosk\html\img\swiper-icon.jpg
C:/ITKiosk\html\img\systemLoading.gif
C:/ITKiosk\html\img\test.bmp
C:/ITKiosk\html\img\Ticket-Long.bmp
C:/ITKiosk\html\img\Ticket.bmp
C:/ITKiosk\html\img\Timer.png
C:/ITKiosk\html\img\touch-screen.svg
C:/ITKiosk\html\img\Transitions.gif
C:/ITKiosk\html\img\tri.png
C:/ITKiosk\html\img\triup.png
C:/ITKiosk\html\img\twpay.png
C:/ITKiosk\html\img\ui-bg_glass.png
C:/ITKiosk\html\img\umobile.gif
C:/ITKiosk\html\img\upcash.jpg
C:/ITKiosk\html\img\vaOEN6D7mgb8VZoz.png
C:/ITKiosk\html\img\vaOEN6D7wOD8VZoz.png
C:/ITKiosk\html\img\vaOEN6D7Y1b8VZoz.png
C:/ITKiosk\html\img\VLOGnAD6GqpxgdNe.png
C:/ITKiosk\html\img\W1xe45DR23DO8QN9.png
C:/ITKiosk\html\img\W1xe45DRN9DO8QN9.png
C:/ITKiosk\html\img\warning.png
C:/ITKiosk\html\img\WK23gGbX3ZpBaeOd.png
C:/ITKiosk\html\img\wmGVNRkMPwbLXo6r.png
C:/ITKiosk\html\img\Wx9QwBDWYMbKEjzZ.png
C:/ITKiosk\html\img\ZQrmB7baBKkOE10X.png
C:/ITKiosk\html\img\ZQrmB7baX4pOE10X.png
C:/ITKiosk\html\img\線下付款.png
C:/ITKiosk\html\img\country\australia.png
C:/ITKiosk\html\img\country\btn_lan.png
C:/ITKiosk\html\img\country\canada.png
C:/ITKiosk\html\img\country\china.png
C:/ITKiosk\html\img\country\france.png
C:/ITKiosk\html\img\country\germany.png
C:/ITKiosk\html\img\country\hongkong.png
C:/ITKiosk\html\img\country\hongkong_macao.png
C:/ITKiosk\html\img\country\indonesia.png
C:/ITKiosk\html\img\country\macao.png
C:/ITKiosk\html\img\country\malaysia.png
C:/ITKiosk\html\img\country\netherlands.png
C:/ITKiosk\html\img\country\new_zealand.png
C:/ITKiosk\html\img\country\philippines.png
C:/ITKiosk\html\img\country\singapore.png
C:/ITKiosk\html\img\country\taiwan.png
C:/ITKiosk\html\img\country\thailand.png
C:/ITKiosk\html\img\country\united_kingdom.png
C:/ITKiosk\html\img\country\united_states.png
C:/ITKiosk\html\img\country\vietnam.png
C:/ITKiosk\html\pos_img\u1663.png
C:/ITKiosk\html\pos_img\u773.svg
C:/ITKiosk\html\pos_img\u774.svg
C:/ITKiosk\html\pos_img\u775.svg
C:/ITKiosk\App.config
C:/ITKiosk\Data.dll
C:/ITKiosk\DataLib.dll
C:/ITKiosk\DataLib.dll.config
C:/ITKiosk\DataLib.pdb
C:/ITKiosk\DataLib.xml
C:/ITKiosk\Db.dll
C:/ITKiosk\DESConsole.exe
C:/ITKiosk\DESConsole.exe.config
C:/ITKiosk\Device.map
C:/ITKiosk\EntityFramework.dll
C:/ITKiosk\EntityFramework.SqlServer.dll
C:/ITKiosk\EntityFramework.xml
C:/ITKiosk\EntLibContrib.Data.OdpNet.dll
C:/ITKiosk\Fleck.dll
C:/ITKiosk\GS.Apdu.dll
C:/ITKiosk\GS.HexLibrary.dll
C:/ITKiosk\HEDC_RS.dll
C:/ITKiosk\HotelSelfServiceDataLib.dll
C:/ITKiosk\HotelSelfServiceDataLib.pdb
C:/ITKiosk\HWAccess.sys
C:/ITKiosk\HWAccess64.sys
C:/ITKiosk\HWDLL.dll
C:/ITKiosk\ICSharpCode.SharpZipLib.dll
C:/ITKiosk\ITSLib.dll
C:/ITKiosk\ITSLib.dll.config
C:/ITKiosk\ITSLib.pdb
C:/ITKiosk\ITSLib.xml
C:/ITKiosk\KEYWORLDDL.dll
C:/ITKiosk\KioSECAPI.dll
C:/ITKiosk\KioskClient.exe
C:/ITKiosk\KioskClient.exe.config
C:/ITKiosk\KioskClient.pdb
C:/ITKiosk\KioskClient.XML
C:/ITKiosk\KioskCommand.exe
C:/ITKiosk\KioskCommand.exe.config
C:/ITKiosk\KioskCommand.pdb
C:/ITKiosk\KioskCommand.vshost.exe.config
C:/ITKiosk\KioskCommand.vshost.exe.manifest
C:/ITKiosk\KioskCommand.XML
C:/ITKiosk\KioskCommonDataLib.dll
C:/ITKiosk\KioskCommonDataLib.pdb
C:/ITKiosk\KioskLauncher.exe
C:/ITKiosk\KioskLauncher.exe.config
C:/ITKiosk\KioskLauncher.pdb
C:/ITKiosk\KioskLauncher.XML
C:/ITKiosk\KioskMonitor-Backup.exe
C:/ITKiosk\KioskMonitor-Backup.pdb
C:/ITKiosk\KioskMonitor.exe
C:/ITKiosk\KioskMonitor.exe.config
C:/ITKiosk\KioskMonitor.pdb
C:/ITKiosk\KioskMonitor.vshost.exe.config
C:/ITKiosk\KioskMonitor.vshost.exe.manifest
C:/ITKiosk\KioskMonitor.XML
C:/ITKiosk\KioskRemoting.dll
C:/ITKiosk\KioskRemoting.pdb
C:/ITKiosk\KioskRemoting.xml
C:/ITKiosk\KioSPEC.dll
C:/ITKiosk\KMSClientFrom.exe
C:/ITKiosk\KMSClientFrom.exe.config
C:/ITKiosk\KMSEntityLib.dll
C:/ITKiosk\KMSEntityLib.dll.config
C:/ITKiosk\KMSEntityLib.pdb
C:/ITKiosk\libInvoiceFormat.dll
C:/ITKiosk\log4net.config
C:/ITKiosk\log4net.dll
C:/ITKiosk\log4net.pdb
C:/ITKiosk\log4net.xml
C:/ITKiosk\Microsoft.AspNet.SignalR.Client.dll
C:/ITKiosk\Microsoft.AspNet.SignalR.Client.xml
C:/ITKiosk\Microsoft.Practices.EnterpriseLibrary.Common.dll
C:/ITKiosk\Microsoft.Practices.EnterpriseLibrary.Data.dll
C:/ITKiosk\Microsoft.Practices.ServiceLocation.dll
C:/ITKiosk\Microsoft.Practices.Unity.dll
C:/ITKiosk\Microsoft.Practices.Unity.Interception.Configuration.dll
C:/ITKiosk\Microsoft.Practices.Unity.Interception.dll
C:/ITKiosk\Microsoft.QualityTools.Testing.Fakes.dll
C:/ITKiosk\Microsoft.Web.Infrastructure.dll
C:/ITKiosk\ModuleConnectionLib.dll
C:/ITKiosk\ModuleConnectionLib.pdb
C:/ITKiosk\ModuleConnectionLib.xml
C:/ITKiosk\MongoDB.Bson.dll
C:/ITKiosk\MongoDB.Bson.xml
C:/ITKiosk\MongoDB.Driver.Core.dll
C:/ITKiosk\MongoDB.Driver.Core.xml
C:/ITKiosk\MongoDB.Driver.dll
C:/ITKiosk\MongoDB.Driver.xml
C:/ITKiosk\MonitorCmd.txt
C:/ITKiosk\MonitorModuleLib.dll
C:/ITKiosk\MonitorModuleLib.pdb
C:/ITKiosk\MonitorModuleLib.xml
C:/ITKiosk\MouseClick.exe
C:/ITKiosk\MySql.Data.dll
C:/ITKiosk\NCalc.dll
C:/ITKiosk\Newtonsoft.Json.dll
C:/ITKiosk\Newtonsoft.Json.xml
C:/ITKiosk\NLog.config
C:/ITKiosk\NLog.dll
C:/ITKiosk\NPOI.dll
C:/ITKiosk\NPOI.OOXML.dll
C:/ITKiosk\NPOI.OpenXml4Net.dll
C:/ITKiosk\NPOI.OpenXmlFormats.dll
C:/ITKiosk\NTCHKSDataLib.dll
C:/ITKiosk\NTCHKSDataLib.pdb
C:/ITKiosk\Oracle.DataAccess.dll
C:/ITKiosk\Oracle.ManagedDataAccess.dll
C:/ITKiosk\PS3_C_SHARP.dll
C:/ITKiosk\QREncrypter.dll
C:/ITKiosk\Reader.dll
C:/ITKiosk\ShalomHotelSelfServiceDataLib.dll
C:/ITKiosk\ShalomHotelSelfServiceDataLib.pdb
C:/ITKiosk\SignalRLib.dll
C:/ITKiosk\SignalRLib.dll.config
C:/ITKiosk\SignalRLib.pdb
C:/ITKiosk\SignalRLib.xml
C:/ITKiosk\SnmpSharpNet.dll
C:/ITKiosk\SQLite.CodeFirst.dll
C:/ITKiosk\StarIO.dll
C:/ITKiosk\StarIO.xml
C:/ITKiosk\StarIOPort.dll
C:/ITKiosk\Starksoft.Net.Ftp.dll
C:/ITKiosk\Starksoft.Net.Proxy.dll
C:/ITKiosk\startKioskClient.bat
C:/ITKiosk\System.Data.SQLite.dll
C:/ITKiosk\System.Data.SQLite.EF6.dll
C:/ITKiosk\System.Data.SQLite.Linq.dll
C:/ITKiosk\System.Data.SQLite.xml
C:/ITKiosk\System.Net.Http.Formatting.dll
C:/ITKiosk\System.Net.Http.Formatting.xml
C:/ITKiosk\System.Runtime.InteropServices.RuntimeInformation.dll
C:/ITKiosk\System.Web.dll
C:/ITKiosk\System.Web.Helpers.dll
C:/ITKiosk\System.Web.Helpers.xml
C:/ITKiosk\System.Web.Mvc.dll
C:/ITKiosk\System.Web.Mvc.xml
C:/ITKiosk\System.Web.Razor.dll
C:/ITKiosk\System.Web.Razor.xml
C:/ITKiosk\System.Web.WebPages.Deployment.dll
C:/ITKiosk\System.Web.WebPages.Deployment.xml
C:/ITKiosk\System.Web.WebPages.dll
C:/ITKiosk\System.Web.WebPages.Razor.dll
C:/ITKiosk\System.Web.WebPages.Razor.xml
C:/ITKiosk\System.Web.WebPages.xml
C:/ITKiosk\SystemConfig.json
C:/ITKiosk\SystemSetting.ini
C:/ITKiosk\T4U.BL.CMS.dll
C:/ITKiosk\T4U.Core.dll
C:/ITKiosk\T4U.DB.CMS.dll
C:/ITKiosk\TechgroupDataLib.dll
C:/ITKiosk\TechgroupDataLib.pdb
C:/ITKiosk\TicketingServiceDataLib.dll
C:/ITKiosk\TicketingServiceDataLib.pdb
C:/ITKiosk\TNCFossilKSDataLib.dll
C:/ITKiosk\TNCFossilKSDataLib.pdb
C:/ITKiosk\ToolBoxDll.dll
C:/ITKiosk\Tools.dll
C:/ITKiosk\Tools.pdb
C:/ITKiosk\Xamarin.Forms.Core.dll
C:/ITKiosk\Xamarin.Forms.Core.pdb
C:/ITKiosk\Xamarin.Forms.Core.xml
C:/ITKiosk\Xamarin.Forms.Platform.dll
C:/ITKiosk\Xamarin.Forms.Platform.pdb
C:/ITKiosk\Xamarin.Forms.Xaml.dll
C:/ITKiosk\Xamarin.Forms.Xaml.pdb
C:/ITKiosk\Xamarin.Forms.Xaml.xml
C:/ITKiosk\xproxapi.dll
C:/ITKiosk\zymsr232.dll
C:/ITKiosk\zymurusb.dll
C:/ITKiosk\Reader\RFID_DATA.ini
C:/ITKiosk\Reader\SETTING.ini
C:/ITKiosk\Reader\SetupParam.xml
C:/ITKiosk\Reader\BOT\Config.dat
C:/ITKiosk\Reader\BOT\ECRTool.exe
C:/ITKiosk\Reader\BOT\ECRToolDll.dll
C:/ITKiosk\Reader\BOT\InData.dat
C:/ITKiosk\Reader\BOT\msvcp110.dll
C:/ITKiosk\Reader\BOT\msvcr110.dll
C:/ITKiosk\Reader\BOT\README.txt
C:/ITKiosk\Reader\CATHAY\ecr.exe
C:/ITKiosk\Reader\CATHAY\EDCFileTransferApi.exe
C:/ITKiosk\Reader\CATHAY\in.dat
C:/ITKiosk\Reader\CATHAY\out.dat
C:/ITKiosk\Reader\CATHAY\pos.dat
C:/ITKiosk\Reader\CTBC_SYMLINK\ECR.DAT
C:/ITKiosk\Reader\CTBC_SYMLINK\ECRApi_CTCB_1.1.exe
C:/ITKiosk\Reader\CTBC_SYMLINK\in.DAT
C:/ITKiosk\Reader\CTBC_SYMLINK\out.dat
C:/ITKiosk\Reader\CTBC_SYMLINK\temp.dat
C:/ITKiosk\Reader\ECC_API\ECC_DATA.ini
C:/ITKiosk\Reader\ECC_API\ICERAPI.exe
C:/ITKiosk\Reader\ECC_API\ICERAPI.REQ
C:/ITKiosk\Reader\ECC_API\ICERAPI.RES
C:/ITKiosk\Reader\ECC_API\ICERAPI.RES.OK
C:/ITKiosk\Reader\ECC_API\ICERINI.xml
C:/ITKiosk\Reader\ECC_API\請先看我.txt
C:/ITKiosk\Reader\ECC_API\ICERData\ICERAPI.REQ
C:/ITKiosk\Reader\ECC_API\ICERData\ICERAPI.RES
C:/ITKiosk\Reader\ECC_API\ICERData\ICERAPI.RES.OK
C:/ITKiosk\Reader\ECC_API\ICERData\ICERAPI.tmp
C:/ITKiosk\Reader\ECC_API\ICERData\ICERSSL.CRT
C:/ITKiosk\Reader\ECC_API\ICERData\libeay32.dll
C:/ITKiosk\Reader\ECC_API\ICERData\msvcr120.dll
C:/ITKiosk\Reader\ECC_API\ICERData\ssleay32.dll
C:/ITKiosk\Reader\ECC_API\ICERData\BlcFile\BLC03342A_190702.BIG
C:/ITKiosk\Reader\ECC_API\ICERData\BlcFile\BLC03342A_190703.BIG
C:/ITKiosk\Reader\EcrApi(Win)_CTCB_1.1\ECR.DAT
C:/ITKiosk\Reader\EcrApi(Win)_CTCB_1.1\EcrAPI.doc
C:/ITKiosk\Reader\EcrApi(Win)_CTCB_1.1\ECRApi_CTCB_1.1.exe
C:/ITKiosk\Reader\EcrApi(Win)_CTCB_1.1\in.DAT
C:/ITKiosk\Reader\EcrApi(Win)_CTCB_1.1\out.dat
C:/ITKiosk\Reader\ENUM\Config.dat
C:/ITKiosk\Reader\ENUM\ECRTool.exe
C:/ITKiosk\Reader\ENUM\ECRToolDll.dll
C:/ITKiosk\Reader\ENUM\InData.dat
C:/ITKiosk\Reader\ENUM\msvcp110.dll
C:/ITKiosk\Reader\ENUM\msvcr110.dll
C:/ITKiosk\Reader\ENUM\OutData.dat
C:/ITKiosk\Reader\ENUM\README.txt
C:/ITKiosk\Reader\FIRST\ecr.exe
C:/ITKiosk\Reader\FIRST\pos.dat
C:/ITKiosk\Reader\NCCC\Config.dat
C:/ITKiosk\Reader\NCCC\ECRTool.exe
C:/ITKiosk\Reader\NCCC\ECRToolDll.dll
C:/ITKiosk\Reader\NCCC\InData.dat
C:/ITKiosk\Reader\NCCC\msvcp110.dll
C:/ITKiosk\Reader\NCCC\msvcr110.dll
C:/ITKiosk\Reader\NTSEC_IPASS\IPASS_INI.ini
C:/ITKiosk\Reader\NTSEC_IPASS\IPASS_LIB_FILE.dat
C:/ITKiosk\Reader\NTSEC_IPASS\iPass_TAPS_exe_tool.exe
C:/ITKiosk\Reader\NTSEC_IPASS\iPass_TAPS_exe_tool.ini
C:/ITKiosk\Reader\NTSEC_IPASS\taps_EXE_API.exe
C:/ITKiosk\Reader\NTSEC_IPASS\iPASSXml\ComboBoxListItem.xml
C:/ITKiosk\Reader\NTSEC_IPASS\iPASSXml\ErrorMsg.xml
C:/ITKiosk\Reader\SINOPAC\Config.dat
C:/ITKiosk\Reader\SINOPAC\ECRTool.exe
C:/ITKiosk\Reader\SINOPAC\ECRToolDll.dll
C:/ITKiosk\Reader\SINOPAC\msvcp110.dll
C:/ITKiosk\Reader\SINOPAC\msvcr110.dll
C:/ITKiosk\Reader\SINOPAC\README.txt
C:/ITKiosk\Reader\TAISHIN\POS\CS_ecr.dat
C:/ITKiosk\Reader\TAISHIN\POS\CS_ErrorCode.dat
C:/ITKiosk\Reader\TAISHIN\POS\ECR.exe
C:/ITKiosk\Reader\TAISHIN\POS\in.dat
C:/ITKiosk\Reader\TAISHIN\TVM\CS_ecr.dat
C:/ITKiosk\Reader\TAISHIN\TVM\ECR.exe
C:/ITKiosk\Reader\TAISHIN\TVM\in.dat
C:/ITKiosk\Reader\TCB\Config.dat
C:/ITKiosk\Reader\TCB\ECRTool.exe
C:/ITKiosk\Reader\TCB\ECRToolDll.dll
C:/ITKiosk\Reader\TCB\msvcp110.dll
C:/ITKiosk\Reader\TCB\msvcr110.dll
C:/ITKiosk\Reader\TCB\README.txt
C:/ITKiosk\Reader\TCB2.2\Config.dat
C:/ITKiosk\Reader\TCB2.2\ECRTool.exe
C:/ITKiosk\Reader\TCB2.2\ECRToolDll.dll
C:/ITKiosk\Reader\TCB2.2\msvcp110.dll
C:/ITKiosk\Reader\TCB2.2\msvcr110.dll
C:/ITKiosk\Reader\TCB2.2\README.txt
C:/ITKiosk\Reader\TESTconfig\ECC_API\ECC_DATA.ini
C:/ITKiosk\Reader\TESTconfig\ECC_API\ICERAPI.RES
C:/ITKiosk\Reader\TESTconfig\ECC_API\ICERAPI.tmp
C:/ITKiosk\Reader\TESTconfig\ECC_API\ICERINI.xml
C:/ITKiosk\Reader\TESTconfig\ECC_API\請先看我.txt
C:/ITKiosk\Reader\TESTconfig\ECC_API\ICERData\ICERAPI.REQ
C:/ITKiosk\Reader\TESTconfig\ECC_API\ICERData\ICERAPI.RES
C:/ITKiosk\Reader\TESTconfig\ECC_API\ICERData\libeay32.dll
C:/ITKiosk\Reader\TESTconfig\ECC_API\ICERData\msvcr120.dll
C:/ITKiosk\Reader\TESTconfig\ECC_API\ICERData\ssleay32.dll
C:/ITKiosk\Reader\TESTconfig\NTSEC_IPASS\IPASS_INI.ini
C:/ITKiosk\Reader\TESTconfig\NTSEC_IPASS\IPASS_LIB_FILE.dat
C:/ITKiosk\Reader\TESTconfig\NTSEC_IPASS\IPASS_Output.txt
C:/ITKiosk\Reader\TESTconfig\NTSEC_IPASS\iPass_TAPS_exe_tool.ini
C:/ITKiosk\Reader\TESTconfig\NTSEC_IPASS\iPASSXml\ComboBoxListItem.xml
C:/ITKiosk\Reader\TESTconfig\NTSEC_IPASS\iPASSXml\ErrorMsg.xml
C:/ITKiosk\Reader\UBOT\ecr.dll
C:/ITKiosk\Reader\UBOT\ecr.exe
C:/ITKiosk\Reader\UBOT\pos.dat
C:/ITKiosk\Tool\KillMainApModule.exe
C:/ITKiosk\Tool\KillMainApModule.exe.config
C:/ITKiosk\Tool\KillMainApModule.pdb
C:/ITKiosk\Tool\log4net.dll
C:/ITKiosk\Tool\log4net.xml
C:/ITKiosk\x64\SQLite.Interop.dll
C:/ITKiosk\x86\SQLite.Interop.dll
C:/ITKiosk\zh-Hant\EntityFramework.resources.dll
C:/ITKiosk\zh-Hant\Microsoft.QualityTools.Testing.Fakes.resources.dll
C:/ITKiosk\zh-Hant\System.Web.Helpers.resources.dll
C:/ITKiosk\zh-Hant\System.Web.Mvc.resources.dll
C:/ITKiosk\zh-Hant\System.Web.Razor.resources.dll
C:/ITKiosk\zh-Hant\System.Web.WebPages.Deployment.resources.dll
C:/ITKiosk\zh-Hant\System.Web.WebPages.Razor.resources.dll
C:/ITKiosk\zh-Hant\System.Web.WebPages.resources.dll
C:/ITKiosk\zh-TW\KMSEntityLib.resources.dll
C:/ITKiosk\AutoStartKioskClient.bat
C:/ITKiosk\AutoStartKioskClient.bat - Shortcut.lnk
C:/ITKiosk\DataLib.dll.config
C:/ITKiosk\DESConsole.exe.config
C:/ITKiosk\ITSLib.dll.config
C:/ITKiosk\KioskClient.exe.config
C:/ITKiosk\KioskCommand.exe.config
C:/ITKiosk\KioskCommand.vshost.exe.config
C:/ITKiosk\KioskLauncher.exe.config
C:/ITKiosk\KioskMonitor.vshost.exe.config
C:/ITKiosk\KMSClientFrom.exe.config
C:/ITKiosk\KMSEntityLib.dll.config
C:/ITKiosk\log4net.config
C:/ITKiosk\NLog.config
C:/ITKiosk\ServiceSetup.xml
C:/ITKiosk\SignalRLib.dll.config
C:/ITKiosk\DeviceExternal\ThermalTemplate.xml
C:/ITKiosk\DeviceExternal\config\Thermal\setting-BackUp.json
C:/ITKiosk\DeviceExternal\config\Thermal\setting-lost.json
C:/ITKiosk\DeviceExternal\config\Thermal\setting.json
C:/ITKiosk\DeviceExternal\config\Thermal\setting_T82.json
C:/ITKiosk\ExtermalSettings\PalaceTVM\BESync.json
C:/ITKiosk\ExtermalSettings\PalaceTVM\KMSSetting-d.json
C:/ITKiosk\ExtermalSettings\PalaceTVM\KMSSetting-li.json
C:/ITKiosk\ExtermalSettings\PalaceTVM\KMSSetting.json
C:/ITKiosk\ExtermalSettings\PalaceTVM\KMSSetting.txt
C:/ITKiosk\ExtermalSettings\PalaceTVM\systemSetting.json
C:/ITKiosk\ExtermalSettings\PalaceTVM\systemSetting_D.json
C:/ITKiosk\ExtermalSettings\PalaceTVM\systemSetting_old.json
C:/ITKiosk\External\DLL\HttpAPIExt\HttpAPIExt.ext
C:/ITKiosk\External\DLL\HttpAPIExt\HttpAPIExt.pdb
C:/ITKiosk\External\DLL\KioskCommon\KioskCommon.ext
C:/ITKiosk\External\DLL\KioskCommon\KioskCommon.pdb
C:/ITKiosk\External\DLL\TicketingServiceBizExt\TicketingServiceBizExt.ext
C:/ITKiosk\External\DLL\TicketingServiceBizExt\TicketingServiceBizExt.pdb
C:/ITKiosk\Reader\RFID_DATA.ini
C:/ITKiosk\Reader\SETTING.ini
C:/ITKiosk\Reader\SetupParam.xml
C:/ITKiosk\Reader\BOT\Config.dat
C:/ITKiosk\Reader\CATHAY\pos.dat
C:/ITKiosk\Reader\CTBC_S3\ECR.DAT
C:/ITKiosk\Reader\CTBC_S300\pos.dat
C:/ITKiosk\Reader\CTBC_SYMLINK\ECR.DAT
C:/ITKiosk\Reader\ECC_API\ICERINI.xml
C:/ITKiosk\Reader\EcrApi(Win)_CTCB_1.1\ECR.DAT
C:/ITKiosk\Reader\ENUM\Config.dat
C:/ITKiosk\Reader\FIRST\pos.dat
C:/ITKiosk\Reader\NCCC\Config.dat
C:/ITKiosk\Reader\NTSEC_IPASS\IPASS_INI.ini
C:/ITKiosk\Reader\SINOPAC\Config.dat
C:/ITKiosk\Reader\TAISHIN\POS\CS_ecr.dat
C:/ITKiosk\Reader\TAISHIN\TVM\CS_ecr.dat
C:/ITKiosk\Reader\TCB\Config.dat
C:/ITKiosk\Reader\TCB2.2\Config.dat
C:/ITKiosk\Reader\TESTconfig\ECC_API\ICERINI.xml
C:/ITKiosk\Reader\TESTconfig\NTSEC_IPASS\IPASS_INI.ini
C:/ITKiosk\Reader\UBOT\pos.dat
C:/ITKiosk\UserData\Config\UI.xml
C:/ITKiosk\html.zip
C:/ITKiosk\html\index.html
C:/ITKiosk\html\content\ad.mpcpl
C:/ITKiosk\html\css\bootstrap.css
C:/ITKiosk\html\css\bootstrap.css.map
C:/ITKiosk\html\css\bootstrap.min.css
C:/ITKiosk\html\css\bootstrap.min.css.map
C:/ITKiosk\html\css\common.css
C:/ITKiosk\html\css\cpj.css
C:/ITKiosk\html\css\cpj.css.bak
C:/ITKiosk\html\css\fontawesome.css
C:/ITKiosk\html\css\fontello.css
C:/ITKiosk\html\css\FonTicket_p22 1.png
C:/ITKiosk\html\css\FonTripTVM.css
C:/ITKiosk\html\css\keyboard.css
C:/ITKiosk\html\css\MST-TicketMachine.css
C:/ITKiosk\html\css\mst.css
C:/ITKiosk\html\css\mst.css.bak
C:/ITKiosk\html\css\swiper.min.css
C:/ITKiosk\html\fonts\fontello.eot
C:/ITKiosk\html\fonts\fontello.svg
C:/ITKiosk\html\fonts\fontello.ttf
C:/ITKiosk\html\fonts\fontello.woff
C:/ITKiosk\html\fonts\fontello.woff2
C:/ITKiosk\html\icons\back.svg
C:/ITKiosk\html\icons\check.svg
C:/ITKiosk\html\icons\close.svg
C:/ITKiosk\html\icons\diminish.svg
C:/ITKiosk\html\icons\home.svg
C:/ITKiosk\html\icons\next.svg
C:/ITKiosk\html\icons\plus.svg
C:/ITKiosk\html\icons\slide.svg
C:/ITKiosk\html\images\barcode.gif
C:/ITKiosk\html\images\bg.jpg
C:/ITKiosk\html\images\QR.jpg
C:/ITKiosk\html\images\TEMP002.jpg
C:/ITKiosk\html\images\TEMP003.jpg
C:/ITKiosk\html\img\0y7ElQpwZNDajmvN.png
C:/ITKiosk\html\img\2NrWYjD2xbLqP6MB.png
C:/ITKiosk\html\img\2NrWYjD2yNkLqP6M.png
C:/ITKiosk\html\img\5led7gpxBykoa4NQ.png
C:/ITKiosk\html\img\6nG35Ppe83D7MXKg.png
C:/ITKiosk\html\img\6YARrwDBqKk1WjXn.png
C:/ITKiosk\html\img\7By3xObVEmpVeNnY.png
C:/ITKiosk\html\img\82gy1Wb8PdbqdmZ7.png
C:/ITKiosk\html\img\8XG21YD4xrDarxgO.png
C:/ITKiosk\html\img\9gOY83DOmmbXWwGK.png
C:/ITKiosk\html\img\aJne1jbN5xpVXzPK.png
C:/ITKiosk\html\img\arrow_left.png
C:/ITKiosk\html\img\arrow_right.png
C:/ITKiosk\html\img\aVd9mJkGngbPeR5x.png
C:/ITKiosk\html\img\aVd9mJkGqypPeR5x.png
C:/ITKiosk\html\img\bank.bmp
C:/ITKiosk\html\img\bg.png
C:/ITKiosk\html\img\bg_exclamation.png
C:/ITKiosk\html\img\bg_nnmst.png
C:/ITKiosk\html\img\bg_ticket_out.png
C:/ITKiosk\html\img\bzdWQEyr6ywGNDe2.png
C:/ITKiosk\html\img\countdown.png
C:/ITKiosk\html\img\credit.png
C:/ITKiosk\html\img\ecc.png
C:/ITKiosk\html\img\FonTicket.ico
C:/ITKiosk\html\img\FonTicket_p22 1.png
C:/ITKiosk\html\img\Group.png
C:/ITKiosk\html\img\GvYXgVb9q1b2zyxE.png
C:/ITKiosk\html\img\Hand-OneFinger-Scroll-Horizontal.png
C:/ITKiosk\html\img\Hand-OneFinger-Scroll-Vertical.png
C:/ITKiosk\html\img\icon_hide.png
C:/ITKiosk\html\img\icon_show.png
C:/ITKiosk\html\img\ic_barcode.png
C:/ITKiosk\html\img\ic_bill-2.png
C:/ITKiosk\html\img\ic_bill.png
C:/ITKiosk\html\img\ic_donate.png
C:/ITKiosk\html\img\image 17 1.png
C:/ITKiosk\html\img\image 18.png
C:/ITKiosk\html\img\image 18_nnmst.png
C:/ITKiosk\html\img\image 20.png
C:/ITKiosk\html\img\image 20_nnmst.png
C:/ITKiosk\html\img\invoice-name.bmp
C:/ITKiosk\html\img\invoice-name_tmp.bmp
C:/ITKiosk\html\img\jieko.png
C:/ITKiosk\html\img\JQXKndk5A1keOlNM.png
C:/ITKiosk\html\img\JQXKndk5qakeOlNM.png
C:/ITKiosk\html\img\L1rVd0DL25bAe45E.png
C:/ITKiosk\html\img\L1rVd0DL83DAe45E.png
C:/ITKiosk\html\img\linepay.png
C:/ITKiosk\html\img\loading.gif
C:/ITKiosk\html\img\logo.png
C:/ITKiosk\html\img\logobak.png
C:/ITKiosk\html\img\logo_nnmst.png
C:/ITKiosk\html\img\logo_old.png
C:/ITKiosk\html\img\LOGO_ori.png
C:/ITKiosk\html\img\MaskGroup3.png
C:/ITKiosk\html\img\NJAWPwp0vdkjGK19.png
C:/ITKiosk\html\img\o2E0wvkgmp3G1rgV.png
C:/ITKiosk\html\img\oARey2pqyBpN43rJ.png
C:/ITKiosk\html\img\oNYqlGDyyQD7mJd6.png
C:/ITKiosk\html\img\P6Y72Nbjx6DL45Zv.png
C:/ITKiosk\html\img\P6Y72NbjYXpL45Zv.png
C:/ITKiosk\html\img\P8QeolbmjVkJz0WY.png
C:/ITKiosk\html\img\PASSHome.png
C:/ITKiosk\html\img\PASSLogo.png
C:/ITKiosk\html\img\Path5751.png
C:/ITKiosk\html\img\Payment-Long.bmp
C:/ITKiosk\html\img\Payment.bmp
C:/ITKiosk\html\img\pic_outofservice.png
C:/ITKiosk\html\img\p_ecc.png
C:/ITKiosk\html\img\p_ictcash.png
C:/ITKiosk\html\img\p_pay.png
C:/ITKiosk\html\img\p_scan.png
C:/ITKiosk\html\img\p_service.png
C:/ITKiosk\html\img\p_ticket_out.png
C:/ITKiosk\html\img\REPEAT 1.png
C:/ITKiosk\html\img\rollToSeeSeats.gif
C:/ITKiosk\html\img\seat_small.png
C:/ITKiosk\html\img\Ticket-Long.bmp
C:/ITKiosk\html\img\Ticket.bmp
C:/ITKiosk\html\img\Timer.png
C:/ITKiosk\html\img\touch-screen.svg
C:/ITKiosk\html\img\Transitions.gif
C:/ITKiosk\html\img\tri.png
C:/ITKiosk\html\img\triup.png
C:/ITKiosk\html\img\twpay.png
C:/ITKiosk\html\img\vaOEN6D7mgb8VZoz.png
C:/ITKiosk\html\img\VLOGnAD6GqpxgdNe.png
C:/ITKiosk\html\img\W1xe45DR23DO8QN9.png
C:/ITKiosk\html\img\warning.png
C:/ITKiosk\html\img\wmGVNRkMPwbLXo6r.png
C:/ITKiosk\html\img\Wx9QwBDWYMbKEjzZ.png
C:/ITKiosk\html\img\ZQrmB7baBKkOE10X.png
C:/ITKiosk\html\img\country\australia.png
C:/ITKiosk\html\img\country\btn_lan.png
C:/ITKiosk\html\img\country\canada.png
C:/ITKiosk\html\img\country\china.png
C:/ITKiosk\html\img\country\france.png
C:/ITKiosk\html\img\country\germany.png
C:/ITKiosk\html\img\country\hongkong.png
C:/ITKiosk\html\img\country\hongkong_macao.png
C:/ITKiosk\html\img\country\indonesia.png
C:/ITKiosk\html\img\country\macao.png
C:/ITKiosk\html\img\country\malaysia.png
C:/ITKiosk\html\img\country\netherlands.png
C:/ITKiosk\html\img\country\new_zealand.png
C:/ITKiosk\html\img\country\philippines.png
C:/ITKiosk\html\img\country\singapore.png
C:/ITKiosk\html\img\country\taiwan.png
C:/ITKiosk\html\img\country\thailand.png
C:/ITKiosk\html\img\country\united_kingdom.png
C:/ITKiosk\html\img\country\united_states.png
C:/ITKiosk\html\img\country\vietnam.png
C:/ITKiosk\html\scripts\auto-loader.js
C:/ITKiosk\html\scripts\axios.min.js
C:/ITKiosk\html\scripts\bootstrap.min.js
C:/ITKiosk\html\scripts\Device.js
C:/ITKiosk\html\scripts\jquery-ui.min.js
C:/ITKiosk\html\scripts\jquery.keyboard.min.js
C:/ITKiosk\html\scripts\KioskClient.js
C:/ITKiosk\html\scripts\moment.js
C:/ITKiosk\html\scripts\sweetalert2 copy.js
C:/ITKiosk\html\scripts\sweetalert2-IE.js
C:/ITKiosk\html\scripts\sweetalert2.js
C:/ITKiosk\html\scripts\swiper.min.js
C:/ITKiosk\html\scripts\viewModels.js
C:/ITKiosk\html\scripts\components\component.admin.js
C:/ITKiosk\html\scripts\components\component.adminVerify.js
C:/ITKiosk\html\scripts\components\component.BillSetting.js
C:/ITKiosk\html\scripts\components\component.ChooseSeat.js
C:/ITKiosk\html\scripts\components\component.common.js
C:/ITKiosk\html\scripts\components\component.ConfirmDetail.js
C:/ITKiosk\html\scripts\components\component.Country.js
C:/ITKiosk\html\scripts\components\component.deviceOpen.js
C:/ITKiosk\html\scripts\components\component.mainMenu.js
C:/ITKiosk\html\scripts\components\component.MuseumID.js
C:/ITKiosk\html\scripts\components\component.Payment.js
C:/ITKiosk\html\scripts\components\component.PaySuccess.js
C:/ITKiosk\html\scripts\components\component.PrintFail.js
C:/ITKiosk\html\scripts\components\component.ProductChoice.js
C:/ITKiosk\html\scripts\components\component.ProductChoiceReserTicket.js
C:/ITKiosk\html\scripts\components\component.ProductChoiceTicket.js
C:/ITKiosk\html\scripts\components\component.ProductDescription.js
C:/ITKiosk\html\scripts\components\component.register.js
C:/ITKiosk\html\scripts\components\component.Unumber.js
C:/ITKiosk\html\scripts\components\component.Vehicle.js
C:/ITKiosk\html\scripts\jsFramework\jquery-1.11.3.min.js
C:/ITKiosk\html\scripts\jsFramework\mainApp.js
C:/ITKiosk\html\scripts\jsFramework\vue.js
C:/ITKiosk\html\scripts\settings\adsSetting.js
C:/ITKiosk\html\scripts\settings\BackEnd.js
C:/ITKiosk\html\scripts\settings\commonExt.js
C:/ITKiosk\html\scripts\settings\countrySet.js
C:/ITKiosk\html\scripts\settings\customLib.js
C:/ITKiosk\html\scripts\settings\customLibDevice.js
C:/ITKiosk\html\scripts\settings\fakeAPIData.js
C:/ITKiosk\html\scripts\settings\PalaceAPI.js
C:/ITKiosk\html\scripts\settings\systemSetting.js
C:/ITKiosk\html\scripts\settings\templateSetting.js
C:/ITKiosk\html\templates\component.admin.html
C:/ITKiosk\html\templates\component.adminVerify.html
C:/ITKiosk\html\templates\component.BillSetting.html
C:/ITKiosk\html\templates\component.ChooseSeat.html
C:/ITKiosk\html\templates\component.common.html
C:/ITKiosk\html\templates\component.ConfirmDetail.html
C:/ITKiosk\html\templates\component.Country.html
C:/ITKiosk\html\templates\component.deviceOpen.html
C:/ITKiosk\html\templates\component.mainMenu.html
C:/ITKiosk\html\templates\component.MuseumID.html
C:/ITKiosk\html\templates\component.Payment.html
C:/ITKiosk\html\templates\component.PaySuccess.html
C:/ITKiosk\html\templates\component.PrintFail.html
C:/ITKiosk\html\templates\component.ProductChoice.html
C:/ITKiosk\html\templates\component.ProductChoiceReserTicket.html
C:/ITKiosk\html\templates\component.ProductChoiceTicket.html
C:/ITKiosk\html\templates\component.ProductDescription.html
C:/ITKiosk\html\templates\component.register.html
C:/ITKiosk\html\templates\component.Unumber.html
C:/ITKiosk\html\templates\component.Vehicle.html
C:/ITKiosk\html\content\ad.mpcpl
C:/ITKiosk\html\content\audio\Beep.mp3
C:/ITKiosk\html\css\all.css
C:/ITKiosk\html\css\all.css.map
C:/ITKiosk\html\css\all1.css
C:/ITKiosk\html\css\allPos.css
C:/ITKiosk\html\css\animate.css
C:/ITKiosk\html\css\bootstrap-theme.min.css
C:/ITKiosk\html\css\bootstrap.css
C:/ITKiosk\html\css\bootstrap.css.map
C:/ITKiosk\html\css\bootstrap.min.css
C:/ITKiosk\html\css\bootstrap.min.css.map
C:/ITKiosk\html\css\common.css
C:/ITKiosk\html\css\cpj.css
C:/ITKiosk\html\css\cpj.css.bak
C:/ITKiosk\html\css\daterangepicker.css
C:/ITKiosk\html\css\font-awesome.min.css
C:/ITKiosk\html\css\fontawesome.css
C:/ITKiosk\html\css\fontawesome.min.css
C:/ITKiosk\html\css\fontello.css
C:/ITKiosk\html\css\FonTicket_p22 1.png
C:/ITKiosk\html\css\FonTripTVM.css
C:/ITKiosk\html\css\iscroll.css
C:/ITKiosk\html\css\jquery-ui.min.css
C:/ITKiosk\html\css\keyboard.css
C:/ITKiosk\html\css\keyboard.min.css
C:/ITKiosk\html\css\keyboardEn.css
C:/ITKiosk\html\css\MST-TicketMachine.css
C:/ITKiosk\html\css\mst.css
C:/ITKiosk\html\css\mst.css.bak
C:/ITKiosk\html\css\ntsec.css
C:/ITKiosk\html\css\regular.css
C:/ITKiosk\html\css\solid.css
C:/ITKiosk\html\css\sweetalert2.css
C:/ITKiosk\html\css\swiper.min.css
C:/ITKiosk\html\css\VirtualKeyboard.Default.css
C:/ITKiosk\html\css\images\calc-1overx.png
C:/ITKiosk\html\css\images\calc-ex.png
C:/ITKiosk\html\css\images\calc-xy.png
C:/ITKiosk\html\css\images\calc-yroot.png
C:/ITKiosk\html\css\images\external.png
C:/ITKiosk\html\css\images\keyboard.png
C:/ITKiosk\html\css\images\ui-bg_flat_30_cccccc_40x100.png
C:/ITKiosk\html\css\images\ui-bg_flat_50_5c5c5c_40x100.png
C:/ITKiosk\html\css\images\ui-bg_glass_20_555555_1x400.png
C:/ITKiosk\html\css\images\ui-bg_glass_40_0078a3_1x400.png
C:/ITKiosk\html\css\images\ui-bg_glass_40_ffc73d_1x400.png
C:/ITKiosk\html\css\images\ui-bg_gloss-wave_25_333333_500x100.png
C:/ITKiosk\html\css\images\ui-bg_highlight-soft_80_eeeeee_1x100.png
C:/ITKiosk\html\css\images\ui-bg_inset-soft_25_000000_1x100.png
C:/ITKiosk\html\css\images\ui-bg_inset-soft_30_f58400_1x100.png
C:/ITKiosk\html\css\images\ui-icons_222222_256x240.png
C:/ITKiosk\html\css\images\ui-icons_4b8e0b_256x240.png
C:/ITKiosk\html\css\images\ui-icons_a83300_256x240.png
C:/ITKiosk\html\css\images\ui-icons_cccccc_256x240.png
C:/ITKiosk\html\css\images\ui-icons_ffffff_256x240.png
C:/ITKiosk\html\font\NotoSansCJKtc-Medium.otf
C:/ITKiosk\html\fonts\fontawesome-webfont.eot
C:/ITKiosk\html\fonts\fontawesome-webfont.svg
C:/ITKiosk\html\fonts\fontawesome-webfont.ttf
C:/ITKiosk\html\fonts\fontawesome-webfont.woff
C:/ITKiosk\html\fonts\fontawesome-webfont.woff2
C:/ITKiosk\html\fonts\FontAwesome.otf
C:/ITKiosk\html\fonts\fontello.eot
C:/ITKiosk\html\fonts\fontello.svg
C:/ITKiosk\html\fonts\fontello.ttf
C:/ITKiosk\html\fonts\fontello.woff
C:/ITKiosk\html\fonts\fontello.woff2
C:/ITKiosk\html\fonts\glyphicons-halflings-regular.eot
C:/ITKiosk\html\fonts\glyphicons-halflings-regular.svg
C:/ITKiosk\html\fonts\glyphicons-halflings-regular.ttf
C:/ITKiosk\html\fonts\glyphicons-halflings-regular.woff
C:/ITKiosk\html\fonts\glyphicons-halflings-regular.woff2
C:/ITKiosk\html\icons\back.svg
C:/ITKiosk\html\icons\check.svg
C:/ITKiosk\html\icons\close.svg
C:/ITKiosk\html\icons\diminish.svg
C:/ITKiosk\html\icons\home.svg
C:/ITKiosk\html\icons\next.svg
C:/ITKiosk\html\icons\plus.svg
C:/ITKiosk\html\icons\slide.svg
C:/ITKiosk\html\images\barcode.gif
C:/ITKiosk\html\images\bg.jpg
C:/ITKiosk\html\images\bgbak.jpg
C:/ITKiosk\html\images\QR.jpg
C:/ITKiosk\html\images\TEMP002.jpg
C:/ITKiosk\html\images\TEMP003.jpg
C:/ITKiosk\html\img\0y7ElQpwZNDajmvN.png
C:/ITKiosk\html\img\14262401177494.png
C:/ITKiosk\html\img\2NrWYjD2xbLqP6MB.png
C:/ITKiosk\html\img\2NrWYjD2yNkLqP6M.png
C:/ITKiosk\html\img\5led7gpxBykoa4NQ.png
C:/ITKiosk\html\img\5led7gpxXxpoa4NQ.png
C:/ITKiosk\html\img\6nG35Ppe83D7MXKg.png
C:/ITKiosk\html\img\6YARrwDBqKk1WjXn.png
C:/ITKiosk\html\img\7By3xObVEmpVeNnY.png
C:/ITKiosk\html\img\82gy1Wb8PdbqdmZ7.png
C:/ITKiosk\html\img\8LlnmqboolbKGozX.png
C:/ITKiosk\html\img\8XG21YD4xrDarxgO.png
C:/ITKiosk\html\img\9gOY83DOmmbXWwGK.png
C:/ITKiosk\html\img\aJne1jbN5xpVXzPK.png
C:/ITKiosk\html\img\aJne1jbNjybVXzPK.png
C:/ITKiosk\html\img\alipay.jpg
C:/ITKiosk\html\img\arrow_left.png
C:/ITKiosk\html\img\arrow_right.png
C:/ITKiosk\html\img\aVd9mJkGngbPeR5x.png
C:/ITKiosk\html\img\aVd9mJkGqypPeR5x.png
C:/ITKiosk\html\img\bank.bmp
C:/ITKiosk\html\img\banner.7z
C:/ITKiosk\html\img\banner.bmp
C:/ITKiosk\html\img\banner.png
C:/ITKiosk\html\img\bg.png
C:/ITKiosk\html\img\bg_exclamation.png
C:/ITKiosk\html\img\bg_nnmst.png
C:/ITKiosk\html\img\bg_ticket_out.png
C:/ITKiosk\html\img\bzdWQEyr6ywGNDe2.png
C:/ITKiosk\html\img\countdown.png
C:/ITKiosk\html\img\credit.png
C:/ITKiosk\html\img\creditcard.jpg
C:/ITKiosk\html\img\creditcard.png
C:/ITKiosk\html\img\dialog_close.png
C:/ITKiosk\html\img\e6q8wOpQKxkdPBEG.png
C:/ITKiosk\html\img\ECC.jpg
C:/ITKiosk\html\img\ecc.png
C:/ITKiosk\html\img\ENg9Bepv92Dw8aYL.png
C:/ITKiosk\html\img\eticket.png
C:/ITKiosk\html\img\FonTicket.ico
C:/ITKiosk\html\img\FonTicket_p22 1.png
C:/ITKiosk\html\img\g7JlnzpzWabq05Mm.png
C:/ITKiosk\html\img\Group.png
C:/ITKiosk\html\img\GvYXgVb95qb2zyxE.png
C:/ITKiosk\html\img\GvYXgVb9q1b2zyxE.png
C:/ITKiosk\html\img\Hand-OneFinger-Scroll-Horizontal.png
C:/ITKiosk\html\img\Hand-OneFinger-Scroll-Vertical.png
C:/ITKiosk\html\img\home-btn.jpg
C:/ITKiosk\html\img\icon_hide.png
C:/ITKiosk\html\img\icon_show.png
C:/ITKiosk\html\img\icon_ticket.png
C:/ITKiosk\html\img\ic_barcode.png
C:/ITKiosk\html\img\ic_bill-2.png
C:/ITKiosk\html\img\ic_bill.png
C:/ITKiosk\html\img\ic_calendar.png
C:/ITKiosk\html\img\ic_calendar_b.png
C:/ITKiosk\html\img\ic_donate.png
C:/ITKiosk\html\img\ic_film.png
C:/ITKiosk\html\img\ic_film_b.png
C:/ITKiosk\html\img\image 17 1.png
C:/ITKiosk\html\img\image 18.png
C:/ITKiosk\html\img\image 18_nnmst.png
C:/ITKiosk\html\img\image 20.png
C:/ITKiosk\html\img\image 20_nnmst.png
C:/ITKiosk\html\img\invoice-name-prod.bmp
C:/ITKiosk\html\img\invoice-name.bmp
C:/ITKiosk\html\img\invoice-name_tmp.bmp
C:/ITKiosk\html\img\ipass.jpg
C:/ITKiosk\html\img\JdA02xb1rvk8lNO1.png
C:/ITKiosk\html\img\jieko.png
C:/ITKiosk\html\img\JQXKndk5A1keOlNM.png
C:/ITKiosk\html\img\JQXKndk5AlkeOlNM.png
C:/ITKiosk\html\img\JQXKndk5qakeOlNM.png
C:/ITKiosk\html\img\L1rVd0DL25bAe45E.png
C:/ITKiosk\html\img\L1rVd0DL83DAe45E.png
C:/ITKiosk\html\img\linepay.jpg
C:/ITKiosk\html\img\linepay.png
C:/ITKiosk\html\img\lM3GOLbK4ykxXwnE.png
C:/ITKiosk\html\img\lM3GOLbKv4pxXwnE.png
C:/ITKiosk\html\img\loading.gif
C:/ITKiosk\html\img\logo.bmp
C:/ITKiosk\html\img\logo.png
C:/ITKiosk\html\img\logobak.png
C:/ITKiosk\html\img\logoFT.png
C:/ITKiosk\html\img\logoM.png
C:/ITKiosk\html\img\logoM2.bmp
C:/ITKiosk\html\img\logoM2.png
C:/ITKiosk\html\img\logo_h.png
C:/ITKiosk\html\img\logo_nnmst.png
C:/ITKiosk\html\img\logo_old.png
C:/ITKiosk\html\img\LOGO_ori.png
C:/ITKiosk\html\img\LVRKq1p3vKD9r35N.png
C:/ITKiosk\html\img\MaskGroup3.png
C:/ITKiosk\html\img\money.png
C:/ITKiosk\html\img\mpayment.png
C:/ITKiosk\html\img\next-icon.jpg
C:/ITKiosk\html\img\NJAWPwp00ZpjGK19.png
C:/ITKiosk\html\img\NJAWPwp0BZkjGK19.png
C:/ITKiosk\html\img\NJAWPwp0vdkjGK19.png
C:/ITKiosk\html\img\normal_u2041.png
C:/ITKiosk\html\img\normal_u3478.png
C:/ITKiosk\html\img\normal_u850.png
C:/ITKiosk\html\img\npm-logo.bmp
C:/ITKiosk\html\img\npm-logo1.bmp
C:/ITKiosk\html\img\npm-test.bmp
C:/ITKiosk\html\img\npm_test.bmp
C:/ITKiosk\html\img\NxOPZdpnR7p6gyAM.png
C:/ITKiosk\html\img\o2E0wvkgmp3G1rgV.png
C:/ITKiosk\html\img\oARey2pq3MkN43rJ.png
C:/ITKiosk\html\img\oARey2pqmdpN43rJ.png
C:/ITKiosk\html\img\oARey2pqyBpN43rJ.png
C:/ITKiosk\html\img\oNYqlGDyyQD7mJd6.png
C:/ITKiosk\html\img\P6Y72Nbjx6DL45Zv.png
C:/ITKiosk\html\img\P6Y72NbjYXpL45Zv.png
C:/ITKiosk\html\img\P8QeolbmJGkJz0WY.png
C:/ITKiosk\html\img\P8QeolbmjVkJz0WY.png
C:/ITKiosk\html\img\palace.bmp
C:/ITKiosk\html\img\PASSHome.png
C:/ITKiosk\html\img\PASSLogo.png
C:/ITKiosk\html\img\Path5751.png
C:/ITKiosk\html\img\payment-ali.jpg
C:/ITKiosk\html\img\payment-creditcard.jpg
C:/ITKiosk\html\img\payment-ecc.jpg
C:/ITKiosk\html\img\Payment-Long.bmp
C:/ITKiosk\html\img\Payment.bmp
C:/ITKiosk\html\img\pic_outofservice.png
C:/ITKiosk\html\img\preloader.gif
C:/ITKiosk\html\img\previous-icon.jpg
C:/ITKiosk\html\img\print.jpg
C:/ITKiosk\html\img\p_ecc.png
C:/ITKiosk\html\img\p_ictcash.png
C:/ITKiosk\html\img\p_pay.png
C:/ITKiosk\html\img\p_scan.png
C:/ITKiosk\html\img\p_service.png
C:/ITKiosk\html\img\p_ticket_out.png
C:/ITKiosk\html\img\REPEAT 1.png
C:/ITKiosk\html\img\rollToSeeSeats.gif
C:/ITKiosk\html\img\seat_small.png
C:/ITKiosk\html\img\start-btn.jpg
C:/ITKiosk\html\img\step1.jpg
C:/ITKiosk\html\img\step2.jpg
C:/ITKiosk\html\img\step3.jpg
C:/ITKiosk\html\img\swiper-icon.jpg
C:/ITKiosk\html\img\systemLoading.gif
C:/ITKiosk\html\img\test.bmp
C:/ITKiosk\html\img\Ticket-Long.bmp
C:/ITKiosk\html\img\Ticket.bmp
C:/ITKiosk\html\img\Timer.png
C:/ITKiosk\html\img\touch-screen.svg
C:/ITKiosk\html\img\Transitions.gif
C:/ITKiosk\html\img\tri.png
C:/ITKiosk\html\img\triup.png
C:/ITKiosk\html\img\twpay.png
C:/ITKiosk\html\img\ui-bg_glass.png
C:/ITKiosk\html\img\umobile.gif
C:/ITKiosk\html\img\upcash.jpg
C:/ITKiosk\html\img\vaOEN6D7mgb8VZoz.png
C:/ITKiosk\html\img\vaOEN6D7wOD8VZoz.png
C:/ITKiosk\html\img\vaOEN6D7Y1b8VZoz.png
C:/ITKiosk\html\img\VLOGnAD6GqpxgdNe.png
C:/ITKiosk\html\img\W1xe45DR23DO8QN9.png
C:/ITKiosk\html\img\W1xe45DRN9DO8QN9.png
C:/ITKiosk\html\img\warning.png
C:/ITKiosk\html\img\WK23gGbX3ZpBaeOd.png
C:/ITKiosk\html\img\wmGVNRkMPwbLXo6r.png
C:/ITKiosk\html\img\Wx9QwBDWYMbKEjzZ.png
C:/ITKiosk\html\img\ZQrmB7baBKkOE10X.png
C:/ITKiosk\html\img\ZQrmB7baX4pOE10X.png
C:/ITKiosk\html\img\線下付款.png
C:/ITKiosk\html\img\country\australia.png
C:/ITKiosk\html\img\country\btn_lan.png
C:/ITKiosk\html\img\country\canada.png
C:/ITKiosk\html\img\country\china.png
C:/ITKiosk\html\img\country\france.png
C:/ITKiosk\html\img\country\germany.png
C:/ITKiosk\html\img\country\hongkong.png
C:/ITKiosk\html\img\country\hongkong_macao.png
C:/ITKiosk\html\img\country\indonesia.png
C:/ITKiosk\html\img\country\macao.png
C:/ITKiosk\html\img\country\malaysia.png
C:/ITKiosk\html\img\country\netherlands.png
C:/ITKiosk\html\img\country\new_zealand.png
C:/ITKiosk\html\img\country\philippines.png
C:/ITKiosk\html\img\country\singapore.png
C:/ITKiosk\html\img\country\taiwan.png
C:/ITKiosk\html\img\country\thailand.png
C:/ITKiosk\html\img\country\united_kingdom.png
C:/ITKiosk\html\img\country\united_states.png
C:/ITKiosk\html\img\country\vietnam.png
C:/ITKiosk\html\pos_img\u1663.png
C:/ITKiosk\html\pos_img\u773.svg
C:/ITKiosk\html\pos_img\u774.svg
C:/ITKiosk\html\pos_img\u775.svg
